#
# A fatal error has been detected by the Java Runtime Environment:
#
#  Internal Error (jvmciRuntime.cpp:1609), pid=29, tid=43
#  fatal error: Fatal exception in JVMCI: Error calling jdk.vm.ci.services.Services.serializeSavedProperties
#
# JRE version: OpenJDK Runtime Environment GraalVM CE 22.3.0 (17.0.5+8) (build 17.0.5+8-jvmci-22.3-b08)
# Java VM: OpenJDK 64-Bit Server VM GraalVM CE 22.3.0 (17.0.5+8-jvmci-22.3-b08, mixed mode, sharing, tiered, jvmci, jvmci compiler, compressed oops, compressed class ptrs, parallel gc, linux-amd64)
# Problematic frame:
# V  [libjvm.so+0x972714]  JVMCIRuntime::fatal_exception(JVMCIEnv*, char const*)+0x74
#
# Core dump will be written. Default location: Core dumps may be processed with "/usr/share/apport/apport -p%p -s%s -c%c -d%d -P%P -u%u -g%g -- %E" (or dumping to /home/runner/Final-2/core.29)
#
# If you would like to submit a bug report, please visit:
#   https://github.com/oracle/graal/issues
#

---------------  S U M M A R Y ------------

Command Line: -XX:ThreadPriorityPolicy=1 -XX:+UnlockExperimentalVMOptions -XX:+EnableJVMCIProduct -XX:JVMCIThreadsPerNativeLibraryRuntime=1 -XX:-UnlockExperimentalVMOptions -Declipse.application=org.eclipse.jdt.ls.core.id1 -Dosgi.bundles.defaultStartLevel=4 -Declipse.product=org.eclipse.jdt.ls.core.product -Dlog.level=ALL -Xverify:none -XX:+UseParallelGC -XX:GCTimeRatio=4 -XX:AdaptiveSizePolicyWeight=90 -Dsun.zip.disableMemoryMapping=true -Xmx512m -Xms100m /nix/store/m6gcpi1ii6rghy04cjwjddcavv7i90df-jdt-language-server-1.9.0/share/java/plugins/org.eclipse.equinox.launcher_1.6.400.v20210924-0641.jar --add-modules=ALL-SYSTEM --add-opens java.base/java.util=ALL-UNNAMED --add-opens java.base/java.lang=ALL-UNNAMED -configuration /home/runner/.cache/jdt-language-server/config -data /home/runner/.cache/jdt-language-server/data/home/runner/Final-2

Host: AMD EPYC 7B12, 8 cores, 1G, Ubuntu 20.04.2 LTS
Time: Sun Apr 30 18:17:39 2023 UTC elapsed time: 1588.759124 seconds (0d 0h 26m 28s)

---------------  T H R E A D  ---------------

Current thread (0x00007ff64c0b21e0):  JavaThread "JVMCI-native CompilerThread0" daemon [_thread_in_vm, id=43, stack(0x00007ff63101a000,0x00007ff63121a000)]


Current CompileTask:
JVMCI-native:1588759 10754       4       java.lang.AbstractStringBuilder::append (55 bytes)

Stack: [0x00007ff63101a000,0x00007ff63121a000],  sp=0x00007ff631218380,  free space=2040k
Native frames: (J=compiled Java code, j=interpreted, Vv=VM code, C=native code)
V  [libjvm.so+0x972714]  JVMCIRuntime::fatal_exception(JVMCIEnv*, char const*)+0x74
V  [libjvm.so+0x93e2fe]  JVMCIEnv::copy_saved_properties()+0x14e
V  [libjvm.so+0x9732a9]  JVMCIRuntime::initialize(JVMCIEnv*)+0xb19
V  [libjvm.so+0x9738a2]  JVMCIRuntime::get_HotSpotJVMCIRuntime(JVMCIEnv*)+0x12
V  [libjvm.so+0x9749f2]  JVMCIRuntime::compile_method(JVMCIEnv*, JVMCICompiler*, methodHandle const&, int)+0xd2
V  [libjvm.so+0x5b0d20]  CompileBroker::invoke_compiler_on_method(CompileTask*)+0x1470
V  [libjvm.so+0x5b12e8]  CompileBroker::compiler_thread_loop()+0x528
V  [libjvm.so+0xd82460]  JavaThread::thread_main_inner()+0xd0
V  [libjvm.so+0xd85a40]  Thread::call_run()+0xc0
V  [libjvm.so+0xbdb1e1]  thread_native_entry(Thread*)+0xe1

Register to memory mapping:

RAX=0x00007ff650cc9000 points into unknown readable memory: 0x0000000000000058 | 58 00 00 00 00 00 00 00
RBX=0x00007ff651dc4398: <offset 0x0000000000ef5398> in /nix/store/gpxl5qgg8kicmcvivwmybwjlpf7wh20l-graalvm17-ce-22.3.0/lib/server/libjvm.so at 0x00007ff650ecf000
RCX=0x00007ff651d7c1e8: <offset 0x0000000000ead1e8> in /nix/store/gpxl5qgg8kicmcvivwmybwjlpf7wh20l-graalvm17-ce-22.3.0/lib/server/libjvm.so at 0x00007ff650ecf000
RDX=0x0000000000000649 is an unknown value
RSP=0x00007ff631218380 is pointing into the stack for thread: 0x00007ff64c0b21e0
RBP=0x00007ff6312183a0 is pointing into the stack for thread: 0x00007ff64c0b21e0
RSI=0x00007ff651dc4c48: <offset 0x0000000000ef5c48> in /nix/store/gpxl5qgg8kicmcvivwmybwjlpf7wh20l-graalvm17-ce-22.3.0/lib/server/libjvm.so at 0x00007ff650ecf000
RDI=0x00000000e0000000 is an oop: [B 
{0x00000000e0000000} - klass: {type array byte}
 - length: 62
R8 =0x00007ff651dc4398: <offset 0x0000000000ef5398> in /nix/store/gpxl5qgg8kicmcvivwmybwjlpf7wh20l-graalvm17-ce-22.3.0/lib/server/libjvm.so at 0x00007ff650ecf000
R9 =0x00007ff631218330 is pointing into the stack for thread: 0x00007ff64c0b21e0
R10=0x00007ff631219948 is pointing into the stack for thread: 0x00007ff64c0b21e0
R11=0x0000000000000293 is an unknown value
R12=0x0 is NULL
R13=0x00007ff64c0b21e0 is a thread
R14=0x00007ff64c000b80 points into unknown readable memory: 0x00007ff651ff5a38 | 38 5a ff 51 f6 7f 00 00
R15=0x00007ff652103e40: <offset 0x0000000001234e40> in /nix/store/gpxl5qgg8kicmcvivwmybwjlpf7wh20l-graalvm17-ce-22.3.0/lib/server/libjvm.so at 0x00007ff650ecf000


Registers:
RAX=0x00007ff650cc9000, RBX=0x00007ff651dc4398, RCX=0x00007ff651d7c1e8, RDX=0x0000000000000649
RSP=0x00007ff631218380, RBP=0x00007ff6312183a0, RSI=0x00007ff651dc4c48, RDI=0x00000000e0000000
R8 =0x00007ff651dc4398, R9 =0x00007ff631218330, R10=0x00007ff631219948, R11=0x0000000000000293
R12=0x0000000000000000, R13=0x00007ff64c0b21e0, R14=0x00007ff64c000b80, R15=0x00007ff652103e40
RIP=0x00007ff651841714, EFLAGS=0x0000000000010206, CSGSFS=0x002b000000000033, ERR=0x0000000000000006
  TRAPNO=0x000000000000000e

Top of Stack: (sp=0x00007ff631218380)
0x00007ff631218380:   00007ff631218940 00007ff64c0b21e0
0x00007ff631218390:   00007ff65065b110 0000000800c419d8
0x00007ff6312183a0:   00007ff631218500 00007ff65180d2fe
0x00007ff6312183b0:   00007ff6312183e0 00007ff631218440 

Instructions: (pc=0x00007ff651841714)
0x00007ff651841614:   30 e8 f6 cf e8 ff 4c 89 e7 e8 2e 48 d1 ff 84 db
0x00007ff651841624:   75 2a 4d 85 ed 74 04 4d 8b 6d 00 48 83 c4 08 44
0x00007ff651841634:   89 f9 4c 89 f2 4c 89 ee 5b 4c 89 e7 41 5c 41 5d
0x00007ff651841644:   41 5e 41 5f 5d e9 e2 47 d1 ff 66 90 48 83 c4 08
0x00007ff651841654:   5b 41 5c 41 5d 41 5e 41 5f 5d c3 90 31 d2 be 08
0x00007ff651841664:   00 00 00 4c 89 ff e8 b1 78 a3 ff 49 89 c5 e9 37
0x00007ff651841674:   ff ff ff 66 0f 1f 84 00 00 00 00 00 48 8b 7a 08
0x00007ff651841684:   e9 6d ff ff ff 0f 1f 80 00 00 00 00 e8 5b 48 0a
0x00007ff651841694:   00 84 c0 75 89 e9 6a ff ff ff 66 90 55 48 89 e5
0x00007ff6518416a4:   41 56 41 55 41 54 49 89 fc 53 48 89 f3 66 48 8d
0x00007ff6518416b4:   3d 27 5e 85 00 66 66 48 e8 df 43 8d ff 4c 8b 28
0x00007ff6518416c4:   8b 05 be 72 8a 00 85 c0 75 14 ba 01 00 00 00 48
0x00007ff6518416d4:   8d 0d ae 72 8a 00 f0 0f b1 11 85 c0 74 4e be c8
0x00007ff6518416e4:   00 00 00 4c 89 ef e8 01 0b 41 00 48 8d 05 12 ac
0x00007ff6518416f4:   85 00 49 89 d8 48 8d 0d e8 aa 53 00 ba 49 06 00
0x00007ff651841704:   00 48 8d 35 3c 35 58 00 bf 00 00 00 e0 48 8b 00
0x00007ff651841714:   c6 00 58 31 c0 e8 e2 91 c6 ff 5b 41 5c 41 5d 41
0x00007ff651841724:   5e 5d e9 55 34 26 00 0f 1f 44 00 00 48 8d 05 81
0x00007ff651841734:   a3 8b 00 48 89 df 4c 8b 30 e8 9e 43 8d ff 48 89
0x00007ff651841744:   de 48 89 c2 49 8b 06 4c 89 f7 ff 50 08 4c 89 f7
0x00007ff651841754:   e8 a7 5c 27 00 4d 85 e4 74 12 be 01 00 00 00 4c
0x00007ff651841764:   89 e7 e8 35 43 fc ff eb 82 0f 1f 00 be 01 00 00
0x00007ff651841774:   00 4c 89 ef e8 d3 fd ff ff e9 6d ff ff ff 66 66
0x00007ff651841784:   2e 0f 1f 84 00 00 00 00 00 0f 1f 00 55 48 89 e5
0x00007ff651841794:   41 57 41 56 41 55 41 54 53 48 81 ec 08 02 00 00
0x00007ff6518417a4:   64 48 8b 04 25 28 00 00 00 48 89 45 c8 8b 07 83
0x00007ff6518417b4:   f8 02 0f 84 11 04 00 00 4c 8b 6f 18 49 89 ff 49
0x00007ff6518417c4:   89 f4 4d 85 ed 74 14 4c 89 ef e8 5d 57 22 00 41
0x00007ff6518417d4:   8b 07 83 f8 02 0f 84 19 04 00 00 48 8d 1d 9a 06
0x00007ff6518417e4:   8a 00 4c 8d 35 0b 3c 58 00 eb 38 90 48 85 d2 7f
0x00007ff6518417f4:   0d 48 8d 05 b4 c0 85 00 48 83 38 00 7e 0e 41 8b
0x00007ff651841804:   77 2c 4c 89 f7 31 c0 e8 a0 b2 f7 ff 49 8b 7f 18 


Stack slot to memory mapping:
stack at sp + 0 slots: 0x00007ff631218940 is pointing into the stack for thread: 0x00007ff64c0b21e0
stack at sp + 1 slots: 0x00007ff64c0b21e0 is a thread
stack at sp + 2 slots: 0x00007ff65065b110 points into unknown readable memory: 0x65730018f743ffff | ff ff 43 f7 18 00 73 65
stack at sp + 3 slots: 0x0000000800c419d8 is a pointer to class: 
jdk.vm.ci.services.Services {0x0000000800c419d8}
 - instance size:     2
 - klass size:        65
 - access:            public final synchronized 
 - state:             fully_initialized
 - name:              'jdk/vm/ci/services/Services'
 - super:             'java/lang/Object'
 - sub:               
 - arrays:            NULL
 - methods:           Array<T>(0x00007ff631848100)
 - method ordering:   Array<T>(0x0000000800928960)
 - default_methods:   Array<T>(0x0000000000000000)
 - local interfaces:  Array<T>(0x00000008005ce810)
 - trans. interfaces: Array<T>(0x00000008005ce810)
 - constants:         constant pool [427] {0x00007ff6318471e0} for 'jdk/vm/ci/services/Services' cache=0x00007ff6318493d0
 - class loader data:  loader data: 0x00007ff64c0283d0 of 'bootstrap'
 - source file:       'Services.java'
 - class annotations:       Array<T>(0x0000000000000000)
 - class type annotations:  Array<T>(0x0000000000000000)
 - field annotations:       Array<T>(0x0000000000000000)
 - field type annotations:  Array<T>(0x0000000000000000)
 - inner classes:     Array<T>(0x00007ff6318493a0)
 - nest members:     Array<T>(0x00007ff6318493c0)
 - permitted subclasses:     Array<T>(0x00000008005ce7a0)
 - java mirror:       a 'java/lang/Class'{0x00000000e017a6b8} = 'jdk/vm/ci/services/Services'
 - vtable length      5  (start addr: 0x0000000800c41ba8)
 - itable length      2 (start addr: 0x0000000800c41bd0)
 - ---- static fields (3 words):
 - public static final 'IS_BUILDING_NATIVE_IMAGE' 'Z' @128 
 - public static final 'IS_IN_NATIVE_IMAGE' 'Z' @129 
 - private static volatile 'savedProperties' 'Ljava/util/Map;' @112 
 - static final 'JVMCI_ENABLED' 'Z' @130 
 - private static final 'servicesCache' 'Ljava/util/Map;' @116 
 - private static final 'MAX_UNICODE_IN_UTF8_LENGTH' 'I' @120 
 - private static final 'MAX_UTF8_PROPERTY_STRING_LENGTH' 'I' @124 
 - ---- non-static fields (0 words):
 - non-static oop maps: 
stack at sp + 4 slots: 0x00007ff631218500 is pointing into the stack for thread: 0x00007ff64c0b21e0
stack at sp + 5 slots: 0x00007ff65180d2fe: <offset 0x000000000093e2fe> in /nix/store/gpxl5qgg8kicmcvivwmybwjlpf7wh20l-graalvm17-ce-22.3.0/lib/server/libjvm.so at 0x00007ff650ecf000
stack at sp + 6 slots: 0x00007ff6312183e0 is pointing into the stack for thread: 0x00007ff64c0b21e0
stack at sp + 7 slots: 0x00007ff631218440 is pointing into the stack for thread: 0x00007ff64c0b21e0


---------------  P R O C E S S  ---------------

Threads class SMR info:
_java_thread_list=0x00007ff57400ab40, length=36, elements={
0x00007ff64c026670, 0x00007ff64c0a64b0, 0x00007ff64c0a78f0, 0x00007ff64c0ae050,
0x00007ff64c0af400, 0x00007ff64c0b07f0, 0x00007ff64c0b21e0, 0x00007ff64c0b36f0,
0x00007ff64c0b4b40, 0x00007ff64c0ef830, 0x00007ff64c137d20, 0x00007ff64c33bb40,
0x00007ff64c2090b0, 0x00007ff64c20e540, 0x00007ff64c2163c0, 0x00007ff5e00171d0,
0x00007ff5e02c1680, 0x00007ff5e0325500, 0x00007ff5e04a13e0, 0x00007ff5e0532a10,
0x00007ff64c435920, 0x00007ff5c80010d0, 0x00007ff64c39b8f0, 0x00007ff5bc000ff0,
0x00007ff5b4456fd0, 0x00007ff5b018b340, 0x00007ff5b0197800, 0x00007ff5b0198530,
0x00007ff5b018fda0, 0x00007ff5b0190ed0, 0x00007ff5b01b5690, 0x00007ff5b0192020,
0x00007ff5b004f280, 0x00007ff5b004df00, 0x00007ff5b0039040, 0x00007ff5d417fa80
}

Java Threads: ( => current thread )
  0x00007ff64c026670 JavaThread "main" [_thread_blocked, id=35, stack(0x00007ff650cea000,0x00007ff650dea000)]
  0x00007ff64c0a64b0 JavaThread "Reference Handler" daemon [_thread_blocked, id=38, stack(0x00007ff6321b0000,0x00007ff6322b0000)]
  0x00007ff64c0a78f0 JavaThread "Finalizer" daemon [_thread_blocked, id=39, stack(0x00007ff6320b0000,0x00007ff6321b0000)]
  0x00007ff64c0ae050 JavaThread "Signal Dispatcher" daemon [_thread_blocked, id=40, stack(0x00007ff63141a000,0x00007ff63151a000)]
  0x00007ff64c0af400 JavaThread "Service Thread" daemon [_thread_blocked, id=41, stack(0x00007ff63131a000,0x00007ff63141a000)]
  0x00007ff64c0b07f0 JavaThread "Monitor Deflation Thread" daemon [_thread_blocked, id=42, stack(0x00007ff63121a000,0x00007ff63131a000)]
=>0x00007ff64c0b21e0 JavaThread "JVMCI-native CompilerThread0" daemon [_thread_in_vm, id=43, stack(0x00007ff63101a000,0x00007ff63121a000)]
  0x00007ff64c0b36f0 JavaThread "C1 CompilerThread0" daemon [_thread_blocked, id=44, stack(0x00007ff630e1a000,0x00007ff63101a000)]
  0x00007ff64c0b4b40 JavaThread "Sweeper thread" daemon [_thread_blocked, id=45, stack(0x00007ff630d1a000,0x00007ff630e1a000)]
  0x00007ff64c0ef830 JavaThread "Common-Cleaner" daemon [_thread_blocked, id=46, stack(0x00007ff630c1a000,0x00007ff630d1a000)]
  0x00007ff64c137d20 JavaThread "Notification Thread" daemon [_thread_blocked, id=48, stack(0x00007ff630b1a000,0x00007ff630c1a000)]
  0x00007ff64c33bb40 JavaThread "Active Thread: Equinox Container: e15eb64d-4721-493c-9378-7b272297b6a6" [_thread_blocked, id=80, stack(0x00007ff630800000,0x00007ff630900000)]
  0x00007ff64c2090b0 JavaThread "Framework Event Dispatcher: Equinox Container: e15eb64d-4721-493c-9378-7b272297b6a6" daemon [_thread_blocked, id=86, stack(0x00007ff630600000,0x00007ff630700000)]
  0x00007ff64c20e540 JavaThread "Start Level: Equinox Container: e15eb64d-4721-493c-9378-7b272297b6a6" daemon [_thread_blocked, id=87, stack(0x00007ff630400000,0x00007ff630500000)]
  0x00007ff64c2163c0 JavaThread "Refresh Thread: Equinox Container: e15eb64d-4721-493c-9378-7b272297b6a6" daemon [_thread_blocked, id=96, stack(0x00007ff630200000,0x00007ff630300000)]
  0x00007ff5e00171d0 JavaThread "SCR Component Actor" daemon [_thread_blocked, id=105, stack(0x00007ff630000000,0x00007ff630100000)]
  0x00007ff5e02c1680 JavaThread "Worker-JM" [_thread_blocked, id=127, stack(0x00007ff5f8700000,0x00007ff5f8800000)]
  0x00007ff5e0325500 JavaThread "Worker-0: Refreshing workspace" [_thread_blocked, id=130, stack(0x00007ff5f8500000,0x00007ff5f8600000)]
  0x00007ff5e04a13e0 JavaThread "Java indexing" daemon [_thread_blocked, id=140, stack(0x00007ff5f8100000,0x00007ff5f8200000)]
  0x00007ff5e0532a10 JavaThread "Bundle File Closer" daemon [_thread_blocked, id=141, stack(0x00007ff5f8000000,0x00007ff5f8100000)]
  0x00007ff64c435920 JavaThread "pool-3-thread-1" [_thread_blocked, id=146, stack(0x00007ff5f7f00000,0x00007ff5f8000000)]
  0x00007ff5c80010d0 JavaThread "Worker-2: Publish Diagnostics" [_thread_blocked, id=151, stack(0x00007ff5f7d00000,0x00007ff5f7e00000)]
  0x00007ff64c39b8f0 JavaThread "pool-2-thread-1" [_thread_blocked, id=152, stack(0x00007ff5f7b00000,0x00007ff5f7c00000)]
  0x00007ff5bc000ff0 JavaThread "Worker-3: Compacting resource model" [_thread_blocked, id=164, stack(0x00007ff5f8900000,0x00007ff5f8a00000)]
  0x00007ff5b4456fd0 JavaThread "Okio Watchdog" daemon [_thread_blocked, id=257, stack(0x00007ff5f6f00000,0x00007ff5f7000000)]
  0x00007ff5b018b340 JavaThread "Thread-6" [_thread_blocked, id=295, stack(0x00007ff5f6b00000,0x00007ff5f6c00000)]
  0x00007ff5b0197800 JavaThread "Thread-19" [_thread_blocked, id=372, stack(0x00007ff5f6d00000,0x00007ff5f6e00000)]
  0x00007ff5b0198530 JavaThread "Thread-20" [_thread_blocked, id=373, stack(0x00007ff5f8600000,0x00007ff5f8700000)]
  0x00007ff5b018fda0 JavaThread "Thread-21" [_thread_blocked, id=378, stack(0x00007ff5f6100000,0x00007ff5f6200000)]
  0x00007ff5b0190ed0 JavaThread "Thread-22" [_thread_blocked, id=382, stack(0x00007ff5f5f00000,0x00007ff5f6000000)]
  0x00007ff5b01b5690 JavaThread "Thread-35" [_thread_blocked, id=415, stack(0x00007ff5f6900000,0x00007ff5f6a00000)]
  0x00007ff5b0192020 JavaThread "Thread-40" [_thread_blocked, id=433, stack(0x00007ff5f8400000,0x00007ff5f8500000)]
  0x00007ff5b004f280 JavaThread "Thread-41" [_thread_blocked, id=461, stack(0x00007ff5f8800000,0x00007ff5f8900000)]
  0x00007ff5b004df00 JavaThread "Thread-43" [_thread_blocked, id=468, stack(0x00007ff5f6700000,0x00007ff5f6800000)]
  0x00007ff5b0039040 JavaThread "Thread-45" [_thread_blocked, id=486, stack(0x00007ff5f6500000,0x00007ff5f6600000)]
  0x00007ff5d417fa80 JavaThread "Worker-6" [_thread_blocked, id=2828, stack(0x00007ff5f7700000,0x00007ff5f7800000)]

Other Threads:
  0x00007ff64c0a1bf0 VMThread "VM Thread" [stack: 0x00007ff6322b2000,0x00007ff6323b2000] [id=37] _threads_hazard_ptr=0x00007ff57400ab40
  0x00007ff64c1396c0 WatcherThread [stack: 0x00007ff630a1a000,0x00007ff630b1a000] [id=49]
  0x00007ff64c03df10 GCTaskThread "GC Thread#0" [stack: 0x00007ff6508ad000,0x00007ff6509ad000] [id=36]

Threads with active compile tasks:
JVMCI-native CompilerThread0  1588814 10754       4       java.lang.AbstractStringBuilder::append (55 bytes)

VM state: synchronizing (normal execution)

VM Mutex/Monitor currently owned by a thread:  ([mutex/lock_event])
[0x00007ff64c023820] Threads_lock - owner thread: 0x00007ff64c0a1bf0
[0x00007ff64c023fd0] Heap_lock - owner thread: 0x00007ff5e04a13e0

OutOfMemory and StackOverflow Exception counts:
OutOfMemoryError java_heap_errors=4
LinkageErrors=72

Heap address: 0x00000000e0000000, size: 512 MB, Compressed Oops mode: 32-bit

CDS archive(s) mapped at: [0x0000000800000000-0x0000000800bc8000-0x0000000800bc8000), size 12353536, SharedBaseAddress: 0x0000000800000000, ArchiveRelocationMode: 0.
Compressed class space mapped at: 0x0000000800c00000-0x0000000840c00000, reserved size: 1073741824
Narrow klass base: 0x0000000800000000, Narrow klass shift: 0, Narrow klass range: 0x100000000

GC Precious Log:
 CPUs: 8 total, 1 available
 Memory: 1024M
 Large Page Support: Disabled
 NUMA Support: Disabled
 Compressed Oops: Enabled (32-bit)
 Alignments: Space 512K, Generation 512K, Heap 2M
 Heap Min Capacity: 100M
 Heap Initial Capacity: 100M
 Heap Max Capacity: 512M
 Pre-touch: Disabled
 Parallel Workers: 1

Heap:
 PSYoungGen      total 45568K, used 20479K [0x00000000f5580000, 0x00000000f9b00000, 0x0000000100000000)
  eden space 20480K, 99% used [0x00000000f5580000,0x00000000f697fff0,0x00000000f6980000)
  from space 25088K, 0% used [0x00000000f6980000,0x00000000f6980000,0x00000000f8200000)
  to   space 24064K, 0% used [0x00000000f8380000,0x00000000f8380000,0x00000000f9b00000)
 ParOldGen       total 349696K, used 349696K [0x00000000e0000000, 0x00000000f5580000, 0x00000000f5580000)
  object space 349696K, 100% used [0x00000000e0000000,0x00000000f5580000,0x00000000f5580000)
 Metaspace       used 64105K, committed 65088K, reserved 1114112K
  class space    used 6190K, committed 6592K, reserved 1048576K

Card table byte_map: [0x00007ff6509ad000,0x00007ff650aae000] _byte_map_base: 0x00007ff6502ad000

Marking Bits: (ParMarkBitMap*) 0x00007ff6520fd4c0
 Begin Bits: [0x00007ff6324b3000, 0x00007ff632cb3000)
 End Bits:   [0x00007ff632cb3000, 0x00007ff6334b3000)

Polling page: 0x00007ff650cc7000

Metaspace:

Usage:
  Non-class:     56.56 MB used.
      Class:      6.05 MB used.
       Both:     62.60 MB used.

Virtual space:
  Non-class space:       64.00 MB reserved,      57.12 MB ( 89%) committed,  8 nodes.
      Class space:        1.00 GB reserved,       6.44 MB ( <1%) committed,  1 nodes.
             Both:        1.06 GB reserved,      63.56 MB (  6%) committed. 

Chunk freelists:
   Non-Class:  2.41 MB
       Class:  1.64 MB
        Both:  4.06 MB

MaxMetaspaceSize: unlimited
CompressedClassSpaceSize: 1.00 GB
Initial GC threshold: 21.00 MB
Current GC threshold: 105.75 MB
CDS: on
MetaspaceReclaimPolicy: balanced
 - commit_granule_bytes: 65536.
 - commit_granule_words: 8192.
 - virtual_space_node_default_size: 1048576.
 - enlarge_chunks_in_place: 1.
 - new_chunks_are_fully_committed: 0.
 - uncommit_free_chunks: 1.
 - use_allocation_guard: 0.
 - handle_deallocations: 1.


Internal statistics:

num_allocs_failed_limit: 8.
num_arena_births: 524.
num_arena_deaths: 158.
num_vsnodes_births: 9.
num_vsnodes_deaths: 0.
num_space_committed: 1014.
num_space_uncommitted: 0.
num_chunks_returned_to_freelist: 223.
num_chunks_taken_from_freelist: 3067.
num_chunk_merges: 89.
num_chunk_splits: 1990.
num_chunks_enlarged: 1230.
num_purges: 6.
num_inconsistent_stats: 0.

CodeHeap 'non-profiled nmethods': size=120036Kb used=2932Kb max_used=2932Kb free=117103Kb
 bounds [0x00007ff63af7a000, 0x00007ff63b25a000, 0x00007ff6424b3000]
CodeHeap 'profiled nmethods': size=120032Kb used=18805Kb max_used=18805Kb free=101227Kb
 bounds [0x00007ff633a42000, 0x00007ff634ca2000, 0x00007ff63af7a000]
CodeHeap 'non-nmethods': size=5692Kb used=1418Kb max_used=1424Kb free=4273Kb
 bounds [0x00007ff6334b3000, 0x00007ff633723000, 0x00007ff633a42000]
 total_blobs=8926 nmethods=8163 adapters=638
 compilation: enabled
              stopped_count=0, restarted_count=0
 full_count=0

JVMCI Events (20 events):
Event: 1454.408 Thread 0x00007ff64c0b21e0 compacted oop handles in JVMCI runtime 0 from 59 to 59
Event: 1454.408 Thread 0x00007ff64c0b21e0 releasing handles for JVMCI runtime 0: oop handles=59, metadata handles={total=113, live=102, blocks=38}
Event: 1454.408 Thread 0x00007ff64c0b21e0 detached from JVMCI runtime 0
Event: 1472.733 Thread 0x00007ff64c0b21e0 attached to JVMCI runtime 0
Event: 1472.734 Thread 0x00007ff64c0b21e0 created JavaVM[14]@0x00007ff59d29e340 for JVMCI runtime 0
Event: 1473.835 Thread 0x00007ff64c0b21e0 initializing JVMCI runtime 0
Event: 1473.835 Thread 0x00007ff64c0b21e0 done waiting for JavaVM references initialization in JVMCI runtime 0
Event: 1493.732 Thread 0x00007ff64c0b21e0 initialized JVMCI runtime 0
Event: 1503.441 Thread 0x00007ff64c0b21e0 compacted oop handles in JVMCI runtime 0 from 61 to 60
Event: 1514.558 Thread 0x00007ff64c0b21e0 detaching from JVMCI runtime 0: releasing idle compiler thread (0 other threads still attached)
Event: 1514.558 Thread 0x00007ff64c0b21e0 shutting down HotSpotJVMCIRuntime for JVMCI runtime 0
Event: 1514.559 Thread 0x00007ff64c0b21e0 shut down JVMCI runtime 0
Event: 1514.562 Thread 0x00007ff64c0b21e0 destroyed JavaVM[14]@0x00007ff59d29e340 for JVMCI runtime 0
Event: 1514.562 Thread 0x00007ff64c0b21e0 compacted oop handles in JVMCI runtime 0 from 71 to 71
Event: 1514.562 Thread 0x00007ff64c0b21e0 releasing handles for JVMCI runtime 0: oop handles=71, metadata handles={total=128, live=122, blocks=38}
Event: 1514.562 Thread 0x00007ff64c0b21e0 detached from JVMCI runtime 0
Event: 1570.333 Thread 0x00007ff64c0b21e0 attached to JVMCI runtime 0
Event: 1570.334 Thread 0x00007ff64c0b21e0 created JavaVM[15]@0x00007ff59d29e340 for JVMCI runtime 0
Event: 1573.012 Thread 0x00007ff64c0b21e0 initializing JVMCI runtime 0
Event: 1573.012 Thread 0x00007ff64c0b21e0 done waiting for JavaVM references initialization in JVMCI runtime 0

Compilation events (20 events):
Event: 1445.100 Thread 0x00007ff64c0b36f0 10748       3       org.eclipse.jdt.internal.compiler.lookup.ReferenceBinding::canBeSeenBy (217 bytes)
Event: 1445.102 Thread 0x00007ff64c0b36f0 nmethod 10748 0x00007ff634c94090 code [0x00007ff634c94400, 0x00007ff634c96e70]
Event: 1451.997 Thread 0x00007ff64c0b21e0 nmethod 10747 0x00007ff63b254210 code [0x00007ff63b2543c0, 0x00007ff63b254770]
Event: 1454.409 Thread 0x00007ff64c0b36f0 10749       3       org.eclipse.jdt.internal.compiler.ast.Block::resolve (96 bytes)
Event: 1455.808 Thread 0x00007ff64c0b36f0 nmethod 10749 0x00007ff634c97510 code [0x00007ff634c97740, 0x00007ff634c98620]
Event: 1472.733 Thread 0x00007ff64c0b21e0 10750       4       org.eclipse.jdt.internal.compiler.lookup.BinaryTypeBinding::resolveTypesFor (248 bytes)
Event: 1483.681 Thread 0x00007ff64c0b36f0 10752       3       org.eclipse.jdt.internal.compiler.ast.ASTNode::resolvePolyExpressionArguments (459 bytes)
Event: 1486.216 Thread 0x00007ff64c0b36f0 nmethod 10752 0x00007ff634c98990 code [0x00007ff634c98c60, 0x00007ff634c9b160]
Event: 1503.441 Thread 0x00007ff64c0b21e0 nmethod 10750 0x00007ff63b254a10 code [0x00007ff63b254c00, 0x00007ff63b255320]
Event: 1503.441 Thread 0x00007ff64c0b21e0 10751       4       org.eclipse.jdt.internal.compiler.util.SimpleLookupTable::get (59 bytes)
Event: 1510.849 Thread 0x00007ff64c0b21e0 nmethod 10751 0x00007ff63b255890 code [0x00007ff63b255a40, 0x00007ff63b2561d0]
Event: 1510.849 Thread 0x00007ff64c0b21e0 10753       4       org.eclipse.jdt.internal.compiler.util.HashtableOfType::get (68 bytes)
Event: 1513.337 Thread 0x00007ff64c0b21e0 nmethod 10753 0x00007ff63b256590 code [0x00007ff63b256720, 0x00007ff63b256be0]
Event: 1570.333 Thread 0x00007ff64c0b21e0 10754       4       java.lang.AbstractStringBuilder::append (55 bytes)
Event: 1574.239 Thread 0x00007ff64c0b36f0 10755       3       java.util.concurrent.ScheduledThreadPoolExecutor$ScheduledFutureTask::getDelay (16 bytes)
Event: 1575.648 Thread 0x00007ff64c0b36f0 nmethod 10755 0x00007ff634c9b890 code [0x00007ff634c9ba40, 0x00007ff634c9bbc0]
Event: 1581.836 Thread 0x00007ff64c0b36f0 10756 %     3       java.io.DataOutputStream::writeUTF @ 187 (411 bytes)
Event: 1581.839 Thread 0x00007ff64c0b36f0 nmethod 10756% 0x00007ff634c9bc90 code [0x00007ff634c9c040, 0x00007ff634c9e580]
Event: 1588.749 Thread 0x00007ff64c0b36f0 10757       1       org.eclipse.osgi.internal.location.BasicLocation::isReadOnly (5 bytes)
Event: 1588.749 Thread 0x00007ff64c0b36f0 nmethod 10757 0x00007ff63b256e10 code [0x00007ff63b256fa0, 0x00007ff63b257070]

GC Heap History (20 events):
Event: 1577.000 GC heap before
{Heap before GC invocations=1232 (full 1131):
 PSYoungGen      total 45568K, used 20479K [0x00000000f5580000, 0x00000000f9b00000, 0x0000000100000000)
  eden space 20480K, 99% used [0x00000000f5580000,0x00000000f697ffa0,0x00000000f6980000)
  from space 25088K, 0% used [0x00000000f6980000,0x00000000f6980000,0x00000000f8200000)
  to   space 24064K, 0% used [0x00000000f8380000,0x00000000f8380000,0x00000000f9b00000)
 ParOldGen       total 349696K, used 349690K [0x00000000e0000000, 0x00000000f5580000, 0x00000000f5580000)
  object space 349696K, 99% used [0x00000000e0000000,0x00000000f557ea28,0x00000000f5580000)
 Metaspace       used 64105K, committed 65088K, reserved 1114112K
  class space    used 6190K, committed 6592K, reserved 1048576K
}
Event: 1578.317 GC heap after
{Heap after GC invocations=1232 (full 1131):
 PSYoungGen      total 44544K, used 20479K [0x00000000f5580000, 0x00000000f9b00000, 0x0000000100000000)
  eden space 20480K, 99% used [0x00000000f5580000,0x00000000f697ff30,0x00000000f6980000)
  from space 24064K, 0% used [0x00000000f8380000,0x00000000f8380000,0x00000000f9b00000)
  to   space 25088K, 0% used [0x00000000f6980000,0x00000000f6980000,0x00000000f8200000)
 ParOldGen       total 349696K, used 349690K [0x00000000e0000000, 0x00000000f5580000, 0x00000000f5580000)
  object space 349696K, 99% used [0x00000000e0000000,0x00000000f557ea28,0x00000000f5580000)
 Metaspace       used 64105K, committed 65088K, reserved 1114112K
  class space    used 6190K, committed 6592K, reserved 1048576K
}
Event: 1578.317 GC heap before
{Heap before GC invocations=1233 (full 1132):
 PSYoungGen      total 44544K, used 20479K [0x00000000f5580000, 0x00000000f9b00000, 0x0000000100000000)
  eden space 20480K, 99% used [0x00000000f5580000,0x00000000f697fff8,0x00000000f6980000)
  from space 24064K, 0% used [0x00000000f8380000,0x00000000f8380000,0x00000000f9b00000)
  to   space 25088K, 0% used [0x00000000f6980000,0x00000000f6980000,0x00000000f8200000)
 ParOldGen       total 349696K, used 349695K [0x00000000e0000000, 0x00000000f5580000, 0x00000000f5580000)
  object space 349696K, 99% used [0x00000000e0000000,0x00000000f557fdf8,0x00000000f5580000)
 Metaspace       used 64105K, committed 65088K, reserved 1114112K
  class space    used 6190K, committed 6592K, reserved 1048576K
}
Event: 1579.508 GC heap after
{Heap after GC invocations=1233 (full 1132):
 PSYoungGen      total 45568K, used 20479K [0x00000000f5580000, 0x00000000f9b00000, 0x0000000100000000)
  eden space 20480K, 99% used [0x00000000f5580000,0x00000000f697fe30,0x00000000f6980000)
  from space 25088K, 0% used [0x00000000f6980000,0x00000000f6980000,0x00000000f8200000)
  to   space 24064K, 0% used [0x00000000f8380000,0x00000000f8380000,0x00000000f9b00000)
 ParOldGen       total 349696K, used 349695K [0x00000000e0000000, 0x00000000f5580000, 0x00000000f5580000)
  object space 349696K, 99% used [0x00000000e0000000,0x00000000f557fcf0,0x00000000f5580000)
 Metaspace       used 64105K, committed 65088K, reserved 1114112K
  class space    used 6190K, committed 6592K, reserved 1048576K
}
Event: 1579.508 GC heap before
{Heap before GC invocations=1234 (full 1133):
 PSYoungGen      total 45568K, used 20479K [0x00000000f5580000, 0x00000000f9b00000, 0x0000000100000000)
  eden space 20480K, 99% used [0x00000000f5580000,0x00000000f697fe30,0x00000000f6980000)
  from space 25088K, 0% used [0x00000000f6980000,0x00000000f6980000,0x00000000f8200000)
  to   space 24064K, 0% used [0x00000000f8380000,0x00000000f8380000,0x00000000f9b00000)
 ParOldGen       total 349696K, used 349695K [0x00000000e0000000, 0x00000000f5580000, 0x00000000f5580000)
  object space 349696K, 99% used [0x00000000e0000000,0x00000000f557fcf0,0x00000000f5580000)
 Metaspace       used 64105K, committed 65088K, reserved 1114112K
  class space    used 6190K, committed 6592K, reserved 1048576K
}
Event: 1580.648 GC heap after
{Heap after GC invocations=1234 (full 1133):
 PSYoungGen      total 44544K, used 20479K [0x00000000f5580000, 0x00000000f9b00000, 0x0000000100000000)
  eden space 20480K, 99% used [0x00000000f5580000,0x00000000f697fe30,0x00000000f6980000)
  from space 24064K, 0% used [0x00000000f8380000,0x00000000f8380000,0x00000000f9b00000)
  to   space 25088K, 0% used [0x00000000f6980000,0x00000000f6980000,0x00000000f8200000)
 ParOldGen       total 349696K, used 349695K [0x00000000e0000000, 0x00000000f5580000, 0x00000000f5580000)
  object space 349696K, 99% used [0x00000000e0000000,0x00000000f557fcf0,0x00000000f5580000)
 Metaspace       used 64105K, committed 65088K, reserved 1114112K
  class space    used 6190K, committed 6592K, reserved 1048576K
}
Event: 1580.649 GC heap before
{Heap before GC invocations=1235 (full 1134):
 PSYoungGen      total 44544K, used 20479K [0x00000000f5580000, 0x00000000f9b00000, 0x0000000100000000)
  eden space 20480K, 99% used [0x00000000f5580000,0x00000000f697fe50,0x00000000f6980000)
  from space 24064K, 0% used [0x00000000f8380000,0x00000000f8380000,0x00000000f9b00000)
  to   space 25088K, 0% used [0x00000000f6980000,0x00000000f6980000,0x00000000f8200000)
 ParOldGen       total 349696K, used 349695K [0x00000000e0000000, 0x00000000f5580000, 0x00000000f5580000)
  object space 349696K, 99% used [0x00000000e0000000,0x00000000f557fcf0,0x00000000f5580000)
 Metaspace       used 64105K, committed 65088K, reserved 1114112K
  class space    used 6190K, committed 6592K, reserved 1048576K
}
Event: 1581.836 GC heap after
{Heap after GC invocations=1235 (full 1134):
 PSYoungGen      total 45568K, used 20479K [0x00000000f5580000, 0x00000000f9b00000, 0x0000000100000000)
  eden space 20480K, 99% used [0x00000000f5580000,0x00000000f697fe50,0x00000000f6980000)
  from space 25088K, 0% used [0x00000000f6980000,0x00000000f6980000,0x00000000f8200000)
  to   space 24064K, 0% used [0x00000000f8380000,0x00000000f8380000,0x00000000f9b00000)
 ParOldGen       total 349696K, used 349695K [0x00000000e0000000, 0x00000000f5580000, 0x00000000f5580000)
  object space 349696K, 99% used [0x00000000e0000000,0x00000000f557fcd0,0x00000000f5580000)
 Metaspace       used 64105K, committed 65088K, reserved 1114112K
  class space    used 6190K, committed 6592K, reserved 1048576K
}
Event: 1581.839 GC heap before
{Heap before GC invocations=1236 (full 1135):
 PSYoungGen      total 45568K, used 20479K [0x00000000f5580000, 0x00000000f9b00000, 0x0000000100000000)
  eden space 20480K, 99% used [0x00000000f5580000,0x00000000f697fff8,0x00000000f6980000)
  from space 25088K, 0% used [0x00000000f6980000,0x00000000f6980000,0x00000000f8200000)
  to   space 24064K, 0% used [0x00000000f8380000,0x00000000f8380000,0x00000000f9b00000)
 ParOldGen       total 349696K, used 349695K [0x00000000e0000000, 0x00000000f5580000, 0x00000000f5580000)
  object space 349696K, 99% used [0x00000000e0000000,0x00000000f557fff0,0x00000000f5580000)
 Metaspace       used 64105K, committed 65088K, reserved 1114112K
  class space    used 6190K, committed 6592K, reserved 1048576K
}
Event: 1583.009 GC heap after
{Heap after GC invocations=1236 (full 1135):
 PSYoungGen      total 44544K, used 20479K [0x00000000f5580000, 0x00000000f9b00000, 0x0000000100000000)
  eden space 20480K, 99% used [0x00000000f5580000,0x00000000f697fef8,0x00000000f6980000)
  from space 24064K, 0% used [0x00000000f8380000,0x00000000f8380000,0x00000000f9b00000)
  to   space 25088K, 0% used [0x00000000f6980000,0x00000000f6980000,0x00000000f8200000)
 ParOldGen       total 349696K, used 349695K [0x00000000e0000000, 0x00000000f5580000, 0x00000000f5580000)
  object space 349696K, 99% used [0x00000000e0000000,0x00000000f557fea8,0x00000000f5580000)
 Metaspace       used 64105K, committed 65088K, reserved 1114112K
  class space    used 6190K, committed 6592K, reserved 1048576K
}
Event: 1583.009 GC heap before
{Heap before GC invocations=1237 (full 1136):
 PSYoungGen      total 44544K, used 20479K [0x00000000f5580000, 0x00000000f9b00000, 0x0000000100000000)
  eden space 20480K, 99% used [0x00000000f5580000,0x00000000f697fff8,0x00000000f6980000)
  from space 24064K, 0% used [0x00000000f8380000,0x00000000f8380000,0x00000000f9b00000)
  to   space 25088K, 0% used [0x00000000f6980000,0x00000000f6980000,0x00000000f8200000)
 ParOldGen       total 349696K, used 349695K [0x00000000e0000000, 0x00000000f5580000, 0x00000000f5580000)
  object space 349696K, 99% used [0x00000000e0000000,0x00000000f557fea8,0x00000000f5580000)
 Metaspace       used 64105K, committed 65088K, reserved 1114112K
  class space    used 6190K, committed 6592K, reserved 1048576K
}
Event: 1584.208 GC heap after
{Heap after GC invocations=1237 (full 1136):
 PSYoungGen      total 45568K, used 20479K [0x00000000f5580000, 0x00000000f9b00000, 0x0000000100000000)
  eden space 20480K, 99% used [0x00000000f5580000,0x00000000f697ff18,0x00000000f6980000)
  from space 25088K, 0% used [0x00000000f6980000,0x00000000f6980000,0x00000000f8200000)
  to   space 24064K, 0% used [0x00000000f8380000,0x00000000f8380000,0x00000000f9b00000)
 ParOldGen       total 349696K, used 349695K [0x00000000e0000000, 0x00000000f5580000, 0x00000000f5580000)
  object space 349696K, 99% used [0x00000000e0000000,0x00000000f557fea8,0x00000000f5580000)
 Metaspace       used 64105K, committed 65088K, reserved 1114112K
  class space    used 6190K, committed 6592K, reserved 1048576K
}
Event: 1584.208 GC heap before
{Heap before GC invocations=1238 (full 1137):
 PSYoungGen      total 45568K, used 20480K [0x00000000f5580000, 0x00000000f9b00000, 0x0000000100000000)
  eden space 20480K, 100% used [0x00000000f5580000,0x00000000f6980000,0x00000000f6980000)
  from space 25088K, 0% used [0x00000000f6980000,0x00000000f6980000,0x00000000f8200000)
  to   space 24064K, 0% used [0x00000000f8380000,0x00000000f8380000,0x00000000f9b00000)
 ParOldGen       total 349696K, used 349695K [0x00000000e0000000, 0x00000000f5580000, 0x00000000f5580000)
  object space 349696K, 99% used [0x00000000e0000000,0x00000000f557fea8,0x00000000f5580000)
 Metaspace       used 64105K, committed 65088K, reserved 1114112K
  class space    used 6190K, committed 6592K, reserved 1048576K
}
Event: 1585.319 GC heap after
{Heap after GC invocations=1238 (full 1137):
 PSYoungGen      total 44544K, used 20479K [0x00000000f5580000, 0x00000000f9b00000, 0x0000000100000000)
  eden space 20480K, 99% used [0x00000000f5580000,0x00000000f697ff60,0x00000000f6980000)
  from space 24064K, 0% used [0x00000000f8380000,0x00000000f8380000,0x00000000f9b00000)
  to   space 25088K, 0% used [0x00000000f6980000,0x00000000f6980000,0x00000000f8200000)
 ParOldGen       total 349696K, used 349695K [0x00000000e0000000, 0x00000000f5580000, 0x00000000f5580000)
  object space 349696K, 99% used [0x00000000e0000000,0x00000000f557fea8,0x00000000f5580000)
 Metaspace       used 64105K, committed 65088K, reserved 1114112K
  class space    used 6190K, committed 6592K, reserved 1048576K
}
Event: 1585.319 GC heap before
{Heap before GC invocations=1239 (full 1138):
 PSYoungGen      total 44544K, used 20480K [0x00000000f5580000, 0x00000000f9b00000, 0x0000000100000000)
  eden space 20480K, 100% used [0x00000000f5580000,0x00000000f6980000,0x00000000f6980000)
  from space 24064K, 0% used [0x00000000f8380000,0x00000000f8380000,0x00000000f9b00000)
  to   space 25088K, 0% used [0x00000000f6980000,0x00000000f6980000,0x00000000f8200000)
 ParOldGen       total 349696K, used 349695K [0x00000000e0000000, 0x00000000f5580000, 0x00000000f5580000)
  object space 349696K, 99% used [0x00000000e0000000,0x00000000f557fea8,0x00000000f5580000)
 Metaspace       used 64105K, committed 65088K, reserved 1114112K
  class space    used 6190K, committed 6592K, reserved 1048576K
}
Event: 1586.448 GC heap after
{Heap after GC invocations=1239 (full 1138):
 PSYoungGen      total 45568K, used 20479K [0x00000000f5580000, 0x00000000f9b00000, 0x0000000100000000)
  eden space 20480K, 99% used [0x00000000f5580000,0x00000000f697ff60,0x00000000f6980000)
  from space 25088K, 0% used [0x00000000f6980000,0x00000000f6980000,0x00000000f8200000)
  to   space 24064K, 0% used [0x00000000f8380000,0x00000000f8380000,0x00000000f9b00000)
 ParOldGen       total 349696K, used 349695K [0x00000000e0000000, 0x00000000f5580000, 0x00000000f5580000)
  object space 349696K, 99% used [0x00000000e0000000,0x00000000f557fea8,0x00000000f5580000)
 Metaspace       used 64105K, committed 65088K, reserved 1114112K
  class space    used 6190K, committed 6592K, reserved 1048576K
}
Event: 1586.448 GC heap before
{Heap before GC invocations=1240 (full 1139):
 PSYoungGen      total 45568K, used 20479K [0x00000000f5580000, 0x00000000f9b00000, 0x0000000100000000)
  eden space 20480K, 99% used [0x00000000f5580000,0x00000000f697ffc0,0x00000000f6980000)
  from space 25088K, 0% used [0x00000000f6980000,0x00000000f6980000,0x00000000f8200000)
  to   space 24064K, 0% used [0x00000000f8380000,0x00000000f8380000,0x00000000f9b00000)
 ParOldGen       total 349696K, used 349695K [0x00000000e0000000, 0x00000000f5580000, 0x00000000f5580000)
  object space 349696K, 99% used [0x00000000e0000000,0x00000000f557fea8,0x00000000f5580000)
 Metaspace       used 64105K, committed 65088K, reserved 1114112K
  class space    used 6190K, committed 6592K, reserved 1048576K
}
Event: 1587.636 GC heap after
{Heap after GC invocations=1240 (full 1139):
 PSYoungGen      total 44544K, used 20479K [0x00000000f5580000, 0x00000000f9b00000, 0x0000000100000000)
  eden space 20480K, 99% used [0x00000000f5580000,0x00000000f697ff60,0x00000000f6980000)
  from space 24064K, 0% used [0x00000000f8380000,0x00000000f8380000,0x00000000f9b00000)
  to   space 25088K, 0% used [0x00000000f6980000,0x00000000f6980000,0x00000000f8200000)
 ParOldGen       total 349696K, used 349695K [0x00000000e0000000, 0x00000000f5580000, 0x00000000f5580000)
  object space 349696K, 99% used [0x00000000e0000000,0x00000000f557fea8,0x00000000f5580000)
 Metaspace       used 64105K, committed 65088K, reserved 1114112K
  class space    used 6190K, committed 6592K, reserved 1048576K
}
Event: 1587.636 GC heap before
{Heap before GC invocations=1241 (full 1140):
 PSYoungGen      total 44544K, used 20479K [0x00000000f5580000, 0x00000000f9b00000, 0x0000000100000000)
  eden space 20480K, 99% used [0x00000000f5580000,0x00000000f697ff60,0x00000000f6980000)
  from space 24064K, 0% used [0x00000000f8380000,0x00000000f8380000,0x00000000f9b00000)
  to   space 25088K, 0% used [0x00000000f6980000,0x00000000f6980000,0x00000000f8200000)
 ParOldGen       total 349696K, used 349695K [0x00000000e0000000, 0x00000000f5580000, 0x00000000f5580000)
  object space 349696K, 99% used [0x00000000e0000000,0x00000000f557fea8,0x00000000f5580000)
 Metaspace       used 64105K, committed 65088K, reserved 1114112K
  class space    used 6190K, committed 6592K, reserved 1048576K
}
Event: 1588.749 GC heap after
{Heap after GC invocations=1241 (full 1140):
 PSYoungGen      total 45568K, used 20479K [0x00000000f5580000, 0x00000000f9b00000, 0x0000000100000000)
  eden space 20480K, 99% used [0x00000000f5580000,0x00000000f697ff60,0x00000000f6980000)
  from space 25088K, 0% used [0x00000000f6980000,0x00000000f6980000,0x00000000f8200000)
  to   space 24064K, 0% used [0x00000000f8380000,0x00000000f8380000,0x00000000f9b00000)
 ParOldGen       total 349696K, used 349695K [0x00000000e0000000, 0x00000000f5580000, 0x00000000f5580000)
  object space 349696K, 99% used [0x00000000e0000000,0x00000000f557fea8,0x00000000f5580000)
 Metaspace       used 64105K, committed 65088K, reserved 1114112K
  class space    used 6190K, committed 6592K, reserved 1048576K
}

Dll operation events (9 events):
Event: 0.002 Loaded shared library /nix/store/gpxl5qgg8kicmcvivwmybwjlpf7wh20l-graalvm17-ce-22.3.0/lib/libjava.so
Event: 0.009 Loaded shared library /nix/store/gpxl5qgg8kicmcvivwmybwjlpf7wh20l-graalvm17-ce-22.3.0/lib/libjsvml.so
Event: 0.365 Loaded shared library /nix/store/gpxl5qgg8kicmcvivwmybwjlpf7wh20l-graalvm17-ce-22.3.0/lib/libnio.so
Event: 0.370 Loaded shared library /nix/store/gpxl5qgg8kicmcvivwmybwjlpf7wh20l-graalvm17-ce-22.3.0/lib/libzip.so
Event: 0.404 Loaded shared library /nix/store/gpxl5qgg8kicmcvivwmybwjlpf7wh20l-graalvm17-ce-22.3.0/lib/libjvmcicompiler.so
Event: 0.750 Loaded shared library /nix/store/gpxl5qgg8kicmcvivwmybwjlpf7wh20l-graalvm17-ce-22.3.0/lib/libjimage.so
Event: 1.238 Loaded shared library /nix/store/gpxl5qgg8kicmcvivwmybwjlpf7wh20l-graalvm17-ce-22.3.0/lib/libnet.so
Event: 7.750 Loaded shared library /home/runner/.cache/jdt-language-server/config/org.eclipse.equinox.launcher/org.eclipse.equinox.launcher.gtk.linux.x86_64_1.2.400.v20211117-0650/eclipse_11600.so
Event: 20.407 Loaded shared library /nix/store/gpxl5qgg8kicmcvivwmybwjlpf7wh20l-graalvm17-ce-22.3.0/lib/libextnet.so

Deoptimization events (20 events):
Event: 99.296 Thread 0x00007ff5e04a13e0 DEOPT PACKING pc=0x00007ff634aef7dd sp=0x00007ff5f81fe530
Event: 99.296 Thread 0x00007ff5e04a13e0 DEOPT UNPACKING pc=0x00007ff633505325 sp=0x00007ff5f81fda20 mode 0
Event: 100.706 Thread 0x00007ff5b01b7070 DEOPT PACKING pc=0x00007ff6349fd75d sp=0x00007ff5f63fce60
Event: 100.706 Thread 0x00007ff5b01b7070 DEOPT UNPACKING pc=0x00007ff633505325 sp=0x00007ff5f63fc308 mode 0
Event: 103.798 Thread 0x00007ff5b01ba260 DEOPT PACKING pc=0x00007ff634069155 sp=0x00007ff5f78fd640
Event: 103.798 Thread 0x00007ff5b01ba260 DEOPT UNPACKING pc=0x00007ff633505325 sp=0x00007ff5f78fcad8 mode 0
Event: 105.240 Thread 0x00007ff5b01b77f0 DEOPT PACKING pc=0x00007ff6349fd75d sp=0x00007ff5f82fd760
Event: 105.240 Thread 0x00007ff5b01b77f0 DEOPT UNPACKING pc=0x00007ff633505325 sp=0x00007ff5f82fcc08 mode 0
Event: 105.242 Thread 0x00007ff5b004f280 DEOPT PACKING pc=0x00007ff634069155 sp=0x00007ff5f88fd3b0
Event: 105.242 Thread 0x00007ff5b004f280 DEOPT UNPACKING pc=0x00007ff633505325 sp=0x00007ff5f88fc848 mode 0
Event: 262.728 Thread 0x00007ff5c80010d0 DEOPT PACKING pc=0x00007ff6349fd6e3 sp=0x00007ff5f7dfcfb0
Event: 262.728 Thread 0x00007ff5c80010d0 DEOPT UNPACKING pc=0x00007ff633505325 sp=0x00007ff5f7dfc458 mode 0
Event: 1521.510 Thread 0x00007ff5c80010d0 Uncommon trap: trap_request=0xffffff8f fr.pc=0x00007ff63b21dbd1 relative=0x0000000000000311
Event: 1521.510 Thread 0x00007ff5c80010d0 Uncommon trap: reason=constraint action=none pc=0x00007ff63b21dbd1 method=org.eclipse.jdt.internal.compiler.util.HashtableOfObject.<init>(I)V @ 65 jvmci
Event: 1521.510 Thread 0x00007ff5c80010d0 DEOPT PACKING pc=0x00007ff63b21dbd1 sp=0x00007ff5f7dfde00
Event: 1521.510 Thread 0x00007ff5c80010d0 DEOPT UNPACKING pc=0x00007ff633505325 sp=0x00007ff5f7dfd2a0 mode 3
Event: 1580.649 Thread 0x00007ff64c0b21e0 Uncommon trap: trap_request=0xffffff8f fr.pc=0x00007ff63b236085 relative=0x0000000000000845
Event: 1580.649 Thread 0x00007ff64c0b21e0 Uncommon trap: reason=constraint action=none pc=0x00007ff63b236085 method=java.io.DataOutputStream.writeUTF(Ljava/lang/String;Ljava/io/DataOutput;)I @ 116 jvmci
Event: 1580.649 Thread 0x00007ff64c0b21e0 DEOPT PACKING pc=0x00007ff63b236085 sp=0x00007ff631218020
Event: 1580.649 Thread 0x00007ff64c0b21e0 DEOPT UNPACKING pc=0x00007ff633505325 sp=0x00007ff631217440 mode 3

Classes unloaded (20 events):
Event: 91.908 Thread 0x00007ff64c0a1bf0 Unloading class 0x0000000800d99000 'java/lang/invoke/LambdaForm$MH+0x0000000800d99000'
Event: 91.908 Thread 0x00007ff64c0a1bf0 Unloading class 0x0000000800d98c00 'java/lang/invoke/LambdaForm$MH+0x0000000800d98c00'
Event: 91.908 Thread 0x00007ff64c0a1bf0 Unloading class 0x0000000800d98800 'java/lang/invoke/LambdaForm$MH+0x0000000800d98800'
Event: 91.908 Thread 0x00007ff64c0a1bf0 Unloading class 0x0000000800d98400 'java/lang/invoke/LambdaForm$MH+0x0000000800d98400'
Event: 91.908 Thread 0x00007ff64c0a1bf0 Unloading class 0x0000000800d98000 'jdk/internal/reflect/GeneratedConstructorAccessor3'
Event: 91.908 Thread 0x00007ff64c0a1bf0 Unloading class 0x0000000800d06800 'java/lang/invoke/LambdaForm$MH+0x0000000800d06800'
Event: 91.908 Thread 0x00007ff64c0a1bf0 Unloading class 0x0000000800d06000 'java/lang/invoke/LambdaForm$MH+0x0000000800d06000'
Event: 91.908 Thread 0x00007ff64c0a1bf0 Unloading class 0x0000000800d05c00 'java/lang/invoke/LambdaForm$MH+0x0000000800d05c00'
Event: 91.908 Thread 0x00007ff64c0a1bf0 Unloading class 0x0000000800d05800 'java/lang/invoke/LambdaForm$MH+0x0000000800d05800'
Event: 91.908 Thread 0x00007ff64c0a1bf0 Unloading class 0x0000000800d05000 'java/lang/invoke/LambdaForm$MH+0x0000000800d05000'
Event: 91.908 Thread 0x00007ff64c0a1bf0 Unloading class 0x0000000800d04c00 'java/lang/invoke/LambdaForm$MH+0x0000000800d04c00'
Event: 91.908 Thread 0x00007ff64c0a1bf0 Unloading class 0x0000000800d04800 'java/lang/invoke/LambdaForm$MH+0x0000000800d04800'
Event: 91.908 Thread 0x00007ff64c0a1bf0 Unloading class 0x0000000800d04000 'java/lang/invoke/LambdaForm$MH+0x0000000800d04000'
Event: 91.908 Thread 0x00007ff64c0a1bf0 Unloading class 0x0000000800c1d000 'jdk/internal/reflect/GeneratedMethodAccessor5'
Event: 91.908 Thread 0x00007ff64c0a1bf0 Unloading class 0x0000000800c1cc00 'jdk/internal/reflect/GeneratedMethodAccessor4'
Event: 91.908 Thread 0x00007ff64c0a1bf0 Unloading class 0x0000000800c1c800 'jdk/internal/reflect/GeneratedMethodAccessor3'
Event: 91.908 Thread 0x00007ff64c0a1bf0 Unloading class 0x0000000800c1c400 'jdk/internal/reflect/GeneratedMethodAccessor2'
Event: 91.908 Thread 0x00007ff64c0a1bf0 Unloading class 0x0000000800c1c000 'jdk/internal/reflect/GeneratedMethodAccessor1'
Event: 91.908 Thread 0x00007ff64c0a1bf0 Unloading class 0x0000000800c01c00 'java/lang/invoke/LambdaForm$DMH+0x0000000800c01c00'
Event: 253.349 Thread 0x00007ff64c0a1bf0 Unloading class 0x000000080126c000 'jdk/internal/reflect/GeneratedConstructorAccessor46'

Classes redefined (0 events):
No events

Internal exceptions (20 events):
Event: 51.544 Thread 0x00007ff5bc000ff0 Implicit null exception at 0x00007ff63b16f0b0 to 0x00007ff63b16f306
Event: 54.319 Thread 0x00007ff5b0197800 Implicit null exception at 0x00007ff63b176022 to 0x00007ff63b1763b2
Event: 56.699 Thread 0x00007ff5b018b340 Implicit null exception at 0x00007ff63b0d2fe9 to 0x00007ff63b0d319b
Event: 61.524 Thread 0x00007ff5b0197800 Exception <a 'java/lang/NoSuchMethodError'{0x00000000f7285f00}: 'java.lang.Object java.lang.invoke.DirectMethodHandle$Holder.invokeStatic(java.lang.Object, int, java.lang.Object, java.lang.Object, java.lang.Object, java.lang.Object)'> (0x00000000f7285f00) 
thrown [src/hotspot/share/interpreter/linkResolver.cpp, line 758]
Event: 61.603 Thread 0x00007ff5b0197800 Exception <a 'java/lang/NoSuchMethodError'{0x00000000f75ca538}: 'java.lang.Object java.lang.invoke.DirectMethodHandle$Holder.newInvokeSpecial(java.lang.Object, int, java.lang.Object, java.lang.Object, java.lang.Object)'> (0x00000000f75ca538) 
thrown [src/hotspot/share/interpreter/linkResolver.cpp, line 758]
Event: 61.702 Thread 0x00007ff5b0198530 Exception <a 'java/lang/NoSuchMethodError'{0x00000000f7bc5258}: 'java.lang.Object java.lang.invoke.DirectMethodHandle$Holder.newInvokeSpecial(java.lang.Object, java.lang.Object, int, java.lang.Object, java.lang.Object, java.lang.Object, java.lang.Object)'> (0x00000000f7bc5258) 
thrown [src/hotspot/share/interpreter/linkResolver.cpp, line 758]
Event: 61.912 Thread 0x00007ff5b0189630 Exception <a 'java/lang/NoSuchMethodError'{0x00000000f5d95280}: 'void java.lang.invoke.DirectMethodHandle$Holder.invokeSpecial(java.lang.Object, java.lang.Object, int)'> (0x00000000f5d95280) 
thrown [src/hotspot/share/interpreter/linkResolver.cpp, line 758]
Event: 61.921 Thread 0x00007ff5b0198530 Exception <a 'java/lang/NoSuchMethodError'{0x00000000f5ecb9a0}: 'void java.lang.invoke.DirectMethodHandle$Holder.invokeSpecial(java.lang.Object, java.lang.Object, int)'> (0x00000000f5ecb9a0) 
thrown [src/hotspot/share/interpreter/linkResolver.cpp, line 758]
Event: 63.206 Thread 0x00007ff5b0197800 Exception <a 'java/lang/NoSuchMethodError'{0x00000000f6750ac8}: 'int java.lang.invoke.DirectMethodHandle$Holder.invokeSpecialIFC(java.lang.Object, java.lang.Object, java.lang.Object, java.lang.Object)'> (0x00000000f6750ac8) 
thrown [src/hotspot/share/interpreter/linkResolver.cpp, line 758]
Event: 72.824 Thread 0x00007ff5b0192020 Exception <a 'java/lang/ArrayIndexOutOfBoundsException'{0x00000000f6d079f0}: Index 41 out of bounds for length 41> (0x00000000f6d079f0) 
thrown [src/hotspot/share/interpreter/interpreterRuntime.cpp, line 428]
Event: 73.299 Thread 0x00007ff5b0192020 Exception <a 'java/lang/ArrayIndexOutOfBoundsException'{0x00000000f57e2f08}: Index 41 out of bounds for length 41> (0x00000000f57e2f08) 
thrown [src/hotspot/share/interpreter/interpreterRuntime.cpp, line 428]
Event: 73.614 Thread 0x00007ff5b0192020 Exception <a 'java/lang/ArrayIndexOutOfBoundsException'{0x00000000f634b4f8}: Index 41 out of bounds for length 41> (0x00000000f634b4f8) 
thrown [src/hotspot/share/interpreter/interpreterRuntime.cpp, line 428]
Event: 75.017 Thread 0x00007ff5b0192020 Exception <a 'java/lang/ClassNotFoundException'{0x00000000f68d8800}: sun/util/logging/resources/spi/loggingProvider> (0x00000000f68d8800) 
thrown [src/hotspot/share/classfile/systemDictionary.cpp, line 256]
Event: 78.313 Thread 0x00007ff5b0192020 Exception <a 'java/io/FileNotFoundException'{0x00000000f559cbc8}> (0x00000000f559cbc8) 
thrown [src/hotspot/share/prims/jni.cpp, line 516]
Event: 1521.510 Thread 0x00007ff5c80010d0 Exception <a 'java/lang/OutOfMemoryError'{0x00000000e0011290}> (0x00000000e0011290) 
thrown [src/hotspot/share/gc/shared/memAllocator.cpp, line 138]
Event: 1521.510 Thread 0x00007ff5c80010d0 Implicit null exception at 0x00007ff63b21db01 to 0x00007ff63b21dbb6
Event: 1524.999 Thread 0x00007ff5c80010d0 Exception <a 'java/lang/OutOfMemoryError'{0x00000000e0010750}> (0x00000000e0010750) 
thrown [src/hotspot/share/gc/shared/memAllocator.cpp, line 136]
Event: 1580.649 Thread 0x00007ff64c0b21e0 Exception <a 'java/lang/OutOfMemoryError'{0x00000000e0010a20}> (0x00000000e0010a20) 
thrown [src/hotspot/share/gc/shared/memAllocator.cpp, line 138]
Event: 1580.649 Thread 0x00007ff64c0b21e0 Implicit null exception at 0x00007ff63b235d29 to 0x00007ff63b23606a
Event: 1588.750 Thread 0x00007ff64c0b21e0 Exception <a 'java/lang/OutOfMemoryError'{0x00000000e0010d40}> (0x00000000e0010d40) 
thrown [src/hotspot/share/gc/shared/memAllocator.cpp, line 136]

VM Operations (20 events):
Event: 1574.239 Executing VM operation: ParallelGCFailedAllocation
Event: 1575.648 Executing VM operation: ParallelGCFailedAllocation done
Event: 1575.649 Executing VM operation: ParallelGCFailedAllocation
Event: 1577.000 Executing VM operation: ParallelGCFailedAllocation done
Event: 1577.000 Executing VM operation: ParallelGCFailedAllocation
Event: 1578.317 Executing VM operation: ParallelGCFailedAllocation done
Event: 1578.317 Executing VM operation: ParallelGCFailedAllocation
Event: 1580.648 Executing VM operation: ParallelGCFailedAllocation done
Event: 1580.649 Executing VM operation: ParallelGCFailedAllocation
Event: 1581.836 Executing VM operation: ParallelGCFailedAllocation done
Event: 1581.839 Executing VM operation: ParallelGCFailedAllocation
Event: 1583.009 Executing VM operation: ParallelGCFailedAllocation done
Event: 1583.009 Executing VM operation: ParallelGCFailedAllocation
Event: 1584.208 Executing VM operation: ParallelGCFailedAllocation done
Event: 1584.208 Executing VM operation: ParallelGCFailedAllocation
Event: 1585.319 Executing VM operation: ParallelGCFailedAllocation done
Event: 1585.319 Executing VM operation: ParallelGCFailedAllocation
Event: 1586.448 Executing VM operation: ParallelGCFailedAllocation done
Event: 1586.448 Executing VM operation: ParallelGCFailedAllocation
Event: 1588.749 Executing VM operation: ParallelGCFailedAllocation done

Events (20 events):
Event: 102.203 Thread 0x00007ff5a8004a60 Thread exited: 0x00007ff5a8004a60
Event: 102.210 Thread 0x00007ff5b01b7070 Thread exited: 0x00007ff5b01b7070
Event: 103.785 Thread 0x00007ff5b003eb70 Thread exited: 0x00007ff5b003eb70
Event: 103.800 Thread 0x00007ff5b01ba260 Thread exited: 0x00007ff5b01ba260
Event: 106.725 Thread 0x00007ff5b01b77f0 Thread exited: 0x00007ff5b01b77f0
Event: 176.810 Thread 0x00007ff5c8035130 Thread exited: 0x00007ff5c8035130
Event: 176.810 Thread 0x00007ff5d40010d0 Thread exited: 0x00007ff5d40010d0
Event: 188.326 Thread 0x00007ff5dc0014f0 Thread exited: 0x00007ff5dc0014f0
Event: 389.379 loading class java/io/InterruptedIOException
Event: 395.702 loading class java/io/InterruptedIOException done
Event: 395.702 loading class javax/net/ssl/SSLException
Event: 395.702 loading class javax/net/ssl/SSLException done
Event: 406.147 loading class java/lang/AssertionError
Event: 419.928 loading class java/lang/AssertionError done
Event: 459.710 Thread 0x00007ff5b4451c60 Thread exited: 0x00007ff5b4451c60
Event: 459.711 Thread 0x00007ff5a8003980 Thread exited: 0x00007ff5a8003980
Event: 459.711 Thread 0x00007ff5b44516e0 Thread exited: 0x00007ff5b44516e0
Event: 815.009 Thread 0x00007ff5d417fa80 Thread added: 0x00007ff5d417fa80
Event: 815.009 Protecting memory [0x00007ff5f7700000,0x00007ff5f7704000] with protection modes 0
Event: 860.558 Thread 0x00007ff5b004e480 Thread exited: 0x00007ff5b004e480


Dynamic libraries:
e0000000-f5580000 rw-p 00000000 00:00 0 
f5580000-f9b00000 rw-p 00000000 00:00 0 
f9b00000-100000000 ---p 00000000 00:00 0 
800000000-800449000 rw-p 00001000 00:13c0 4611686019135357769            /nix/store/gpxl5qgg8kicmcvivwmybwjlpf7wh20l-graalvm17-ce-22.3.0/lib/server/classes.jsa
800449000-800bc8000 r--p 0044a000 00:13c0 4611686019135357769            /nix/store/gpxl5qgg8kicmcvivwmybwjlpf7wh20l-graalvm17-ce-22.3.0/lib/server/classes.jsa
800bc8000-800c00000 ---p 00000000 00:00 0 
800c00000-800c20000 rw-p 00000000 00:00 0 
800c20000-800c40000 rw-p 00000000 00:00 0 
800c40000-800cc0000 rw-p 00000000 00:00 0 
800cc0000-800d00000 rw-p 00000000 00:00 0 
800d00000-800dc0000 rw-p 00000000 00:00 0 
800dc0000-800e00000 rw-p 00000000 00:00 0 
800e00000-800f40000 rw-p 00000000 00:00 0 
800f40000-800fc0000 rw-p 00000000 00:00 0 
800fc0000-801000000 rw-p 00000000 00:00 0 
801000000-801270000 rw-p 00000000 00:00 0 
801270000-840c00000 ---p 00000000 00:00 0 
56103e734000-56103e735000 r-xp 00000000 00:13c0 4611686019099417844      /nix/store/gpxl5qgg8kicmcvivwmybwjlpf7wh20l-graalvm17-ce-22.3.0/bin/.java-wrapped
56103e736000-56103e737000 r--p 00001000 00:13c0 4611686019099417844      /nix/store/gpxl5qgg8kicmcvivwmybwjlpf7wh20l-graalvm17-ce-22.3.0/bin/.java-wrapped
56103e737000-56103e738000 rw-p 00002000 00:13c0 4611686019099417844      /nix/store/gpxl5qgg8kicmcvivwmybwjlpf7wh20l-graalvm17-ce-22.3.0/bin/.java-wrapped
56103e738000-56103e739000 rw-p 00004000 00:13c0 4611686019099417844      /nix/store/gpxl5qgg8kicmcvivwmybwjlpf7wh20l-graalvm17-ce-22.3.0/bin/.java-wrapped
56103e739000-56103e73a000 rw-p 00005000 00:13c0 4611686019099417844      /nix/store/gpxl5qgg8kicmcvivwmybwjlpf7wh20l-graalvm17-ce-22.3.0/bin/.java-wrapped
56103fb5b000-56103fba3000 rw-p 00000000 00:00 0                          [heap]
7ff560000000-7ff560021000 rw-p 00000000 00:00 0 
7ff560021000-7ff564000000 ---p 00000000 00:00 0 
7ff564000000-7ff564021000 rw-p 00000000 00:00 0 
7ff564021000-7ff568000000 ---p 00000000 00:00 0 
7ff568000000-7ff568021000 rw-p 00000000 00:00 0 
7ff568021000-7ff56c000000 ---p 00000000 00:00 0 
7ff56c000000-7ff56c028000 rw-p 00000000 00:00 0 
7ff56c028000-7ff570000000 ---p 00000000 00:00 0 
7ff570000000-7ff570061000 rw-p 00000000 00:00 0 
7ff570061000-7ff574000000 ---p 00000000 00:00 0 
7ff574000000-7ff574023000 rw-p 00000000 00:00 0 
7ff574023000-7ff578000000 ---p 00000000 00:00 0 
7ff578000000-7ff5780d5000 rw-p 00000000 00:00 0 
7ff5780d5000-7ff57c000000 ---p 00000000 00:00 0 
7ff57c000000-7ff57c022000 rw-p 00000000 00:00 0 
7ff57c022000-7ff580000000 ---p 00000000 00:00 0 
7ff580000000-7ff5800bf000 rw-p 00000000 00:00 0 
7ff5800bf000-7ff584000000 ---p 00000000 00:00 0 
7ff584000000-7ff58406e000 rw-p 00000000 00:00 0 
7ff58406e000-7ff588000000 ---p 00000000 00:00 0 
7ff588000000-7ff588021000 rw-p 00000000 00:00 0 
7ff588021000-7ff58c000000 ---p 00000000 00:00 0 
7ff58c000000-7ff58c0a1000 rw-p 00000000 00:00 0 
7ff58c0a1000-7ff590000000 ---p 00000000 00:00 0 
7ff590000000-7ff590021000 rw-p 00000000 00:00 0 
7ff590021000-7ff594000000 ---p 00000000 00:00 0 
7ff594000000-7ff594021000 rw-p 00000000 00:00 0 
7ff594021000-7ff598000000 ---p 00000000 00:00 0 
7ff598000000-7ff598021000 rw-p 00000000 00:00 0 
7ff598021000-7ff59c000000 ---p 00000000 00:00 0 
7ff59c600000-7ff59c700000 ---p 00000000 00:00 0 
7ff59c700000-7ff59ccaf000 r--p 01122000 00:13c0 4611686019135190040      /nix/store/gpxl5qgg8kicmcvivwmybwjlpf7wh20l-graalvm17-ce-22.3.0/lib/libjvmcicompiler.so
7ff59ccaf000-7ff59ce00000 r--p 00000000 00:00 0 
7ff59ce00000-7ff59ce3d000 rw-p 00000000 00:00 0 
7ff59ce3d000-7ff59d35d000 rw-p 0185f000 00:13c0 4611686019135190040      /nix/store/gpxl5qgg8kicmcvivwmybwjlpf7wh20l-graalvm17-ce-22.3.0/lib/libjvmcicompiler.so
7ff59d35d000-7ff59d744000 r--p 01d7f000 00:13c0 4611686019135190040      /nix/store/gpxl5qgg8kicmcvivwmybwjlpf7wh20l-graalvm17-ce-22.3.0/lib/libjvmcicompiler.so
7ff59d800000-7ff59d8a0000 rw-p 00000000 00:00 0 
7ff59d8a0000-7ff59d9a0000 rw-p 00000000 00:00 0 
7ff59d9a0000-7ff59e000000 ---p 00000000 00:00 0 
7ff59e4b3000-7ff5a8000000 r--s 00000000 00:13c0 4611686019135192581      /nix/store/gpxl5qgg8kicmcvivwmybwjlpf7wh20l-graalvm17-ce-22.3.0/lib/modules
7ff5a8000000-7ff5a8021000 rw-p 00000000 00:00 0 
7ff5a8021000-7ff5ac000000 ---p 00000000 00:00 0 
7ff5ac000000-7ff5ac021000 rw-p 00000000 00:00 0 
7ff5ac021000-7ff5b0000000 ---p 00000000 00:00 0 
7ff5b0000000-7ff5b01d9000 rw-p 00000000 00:00 0 
7ff5b01d9000-7ff5b4000000 ---p 00000000 00:00 0 
7ff5b4000000-7ff5b4510000 rw-p 00000000 00:00 0 
7ff5b4510000-7ff5b8000000 ---p 00000000 00:00 0 
7ff5b8000000-7ff5b8021000 rw-p 00000000 00:00 0 
7ff5b8021000-7ff5bc000000 ---p 00000000 00:00 0 
7ff5bc000000-7ff5bc0fb000 rw-p 00000000 00:00 0 
7ff5bc0fb000-7ff5c0000000 ---p 00000000 00:00 0 
7ff5c0000000-7ff5c0021000 rw-p 00000000 00:00 0 
7ff5c0021000-7ff5c4000000 ---p 00000000 00:00 0 
7ff5c4000000-7ff5c4720000 rw-p 00000000 00:00 0 
7ff5c4720000-7ff5c4800000 rw-p 00000000 00:00 0 
7ff5c5400000-7ff5c5580000 rw-p 00000000 00:00 0 
7ff5c5580000-7ff5c5600000 rw-p 00000000 00:00 0 
7ff5c5600000-7ff5c5980000 rw-p 00000000 00:00 0 
7ff5c5980000-7ff5c5b00000 rw-p 00000000 00:00 0 
7ff5c5b00000-7ff5c5b80000 rw-p 00000000 00:00 0 
7ff5c5b80000-7ff5c5c00000 ---p 00000000 00:00 0 
7ff5c6800000-7ff5c6900000 rw-p 00000000 00:00 0 
7ff5c6900000-7ff5c6a00000 rw-p 00000000 00:00 0 
7ff5c6a00000-7ff5c7000000 rw-p 00000000 00:00 0 
7ff5c7000000-7ff5c7080000 rw-p 00000000 00:00 0 
7ff5c7080000-7ff5c7100000 rw-p 00000000 00:00 0 
7ff5c7100000-7ff5c7300000 rw-p 00000000 00:00 0 
7ff5c7300000-7ff5c7400000 rw-p 00000000 00:00 0 
7ff5c7400000-7ff5c7500000 rw-p 00000000 00:00 0 
7ff5c7500000-7ff5c7600000 rw-p 00000000 00:00 0 
7ff5c7600000-7ff5c7800000 rw-p 00000000 00:00 0 
7ff5c7800000-7ff5c7900000 rw-p 00000000 00:00 0 
7ff5c7900000-7ff5c7f80000 rw-p 00000000 00:00 0 
7ff5c7f80000-7ff5c8000000 rw-p 00000000 00:00 0 
7ff5c8000000-7ff5c804b000 rw-p 00000000 00:00 0 
7ff5c804b000-7ff5cc000000 ---p 00000000 00:00 0 
7ff5cc000000-7ff5cc069000 rw-p 00000000 00:00 0 
7ff5cc069000-7ff5d0000000 ---p 00000000 00:00 0 
7ff5d0000000-7ff5d0021000 rw-p 00000000 00:00 0 
7ff5d0021000-7ff5d4000000 ---p 00000000 00:00 0 
7ff5d4000000-7ff5d4334000 rw-p 00000000 00:00 0 
7ff5d4334000-7ff5d8000000 ---p 00000000 00:00 0 
7ff5d8000000-7ff5d8021000 rw-p 00000000 00:00 0 
7ff5d8021000-7ff5dc000000 ---p 00000000 00:00 0 
7ff5dc000000-7ff5dc059000 rw-p 00000000 00:00 0 
7ff5dc059000-7ff5e0000000 ---p 00000000 00:00 0 
7ff5e0000000-7ff5e08da000 rw-p 00000000 00:00 0 
7ff5e08da000-7ff5e4000000 ---p 00000000 00:00 0 
7ff5e4000000-7ff5e4026000 rw-p 00000000 00:00 0 
7ff5e4026000-7ff5e8000000 ---p 00000000 00:00 0 
7ff5e8000000-7ff5e8021000 rw-p 00000000 00:00 0 
7ff5e8021000-7ff5ec000000 ---p 00000000 00:00 0 
7ff5ec000000-7ff5ec021000 rw-p 00000000 00:00 0 
7ff5ec021000-7ff5f0000000 ---p 00000000 00:00 0 
7ff5f0000000-7ff5f0021000 rw-p 00000000 00:00 0 
7ff5f0021000-7ff5f4000000 ---p 00000000 00:00 0 
7ff5f4400000-7ff5f4500000 rw-p 00000000 00:00 0 
7ff5f4500000-7ff5f4600000 rw-p 00000000 00:00 0 
7ff5f4600000-7ff5f4b80000 rw-p 00000000 00:00 0 
7ff5f4b80000-7ff5f4c00000 rw-p 00000000 00:00 0 
7ff5f5c00000-7ff5f5c10000 r-xp 00000000 00:12b7 356                      /home/runner/.cache/jdt-language-server/config/org.eclipse.equinox.launcher/org.eclipse.equinox.launcher.gtk.linux.x86_64_1.2.400.v20211117-0650/eclipse_11600.so
7ff5f5c10000-7ff5f5e0f000 ---p 00010000 00:12b7 356                      /home/runner/.cache/jdt-language-server/config/org.eclipse.equinox.launcher/org.eclipse.equinox.launcher.gtk.linux.x86_64_1.2.400.v20211117-0650/eclipse_11600.so
7ff5f5e0f000-7ff5f5e10000 r--p 0000f000 00:12b7 356                      /home/runner/.cache/jdt-language-server/config/org.eclipse.equinox.launcher/org.eclipse.equinox.launcher.gtk.linux.x86_64_1.2.400.v20211117-0650/eclipse_11600.so
7ff5f5e10000-7ff5f5e11000 rw-p 00010000 00:12b7 356                      /home/runner/.cache/jdt-language-server/config/org.eclipse.equinox.launcher/org.eclipse.equinox.launcher.gtk.linux.x86_64_1.2.400.v20211117-0650/eclipse_11600.so
7ff5f5f00000-7ff5f5f04000 ---p 00000000 00:00 0 
7ff5f5f04000-7ff5f6000000 rw-p 00000000 00:00 0 
7ff5f6100000-7ff5f6104000 ---p 00000000 00:00 0 
7ff5f6104000-7ff5f6200000 rw-p 00000000 00:00 0 
7ff5f6300000-7ff5f6304000 ---p 00000000 00:00 0 
7ff5f6304000-7ff5f6400000 rw-p 00000000 00:00 0 
7ff5f6500000-7ff5f6504000 ---p 00000000 00:00 0 
7ff5f6504000-7ff5f6600000 rw-p 00000000 00:00 0 
7ff5f6700000-7ff5f6704000 ---p 00000000 00:00 0 
7ff5f6704000-7ff5f6800000 rw-p 00000000 00:00 0 
7ff5f6900000-7ff5f6904000 ---p 00000000 00:00 0 
7ff5f6904000-7ff5f6a00000 rw-p 00000000 00:00 0 
7ff5f6b00000-7ff5f6b04000 ---p 00000000 00:00 0 
7ff5f6b04000-7ff5f6c00000 rw-p 00000000 00:00 0 
7ff5f6d00000-7ff5f6d04000 ---p 00000000 00:00 0 
7ff5f6d04000-7ff5f6e00000 rw-p 00000000 00:00 0 
7ff5f6f00000-7ff5f6f04000 ---p 00000000 00:00 0 
7ff5f6f04000-7ff5f7000000 rw-p 00000000 00:00 0 
7ff5f7100000-7ff5f7104000 ---p 00000000 00:00 0 
7ff5f7104000-7ff5f7200000 rw-p 00000000 00:00 0 
7ff5f7300000-7ff5f7304000 ---p 00000000 00:00 0 
7ff5f7304000-7ff5f7400000 rw-p 00000000 00:00 0 
7ff5f7500000-7ff5f7504000 ---p 00000000 00:00 0 
7ff5f7504000-7ff5f7600000 rw-p 00000000 00:00 0 
7ff5f7600000-7ff5f7604000 ---p 00000000 00:00 0 
7ff5f7604000-7ff5f7700000 rw-p 00000000 00:00 0 
7ff5f7700000-7ff5f7704000 ---p 00000000 00:00 0 
7ff5f7704000-7ff5f7800000 rw-p 00000000 00:00 0 
7ff5f7800000-7ff5f7804000 ---p 00000000 00:00 0 
7ff5f7804000-7ff5f7900000 rw-p 00000000 00:00 0 
7ff5f7900000-7ff5f7904000 ---p 00000000 00:00 0 
7ff5f7904000-7ff5f7a00000 rw-p 00000000 00:00 0 
7ff5f7b00000-7ff5f7b04000 ---p 00000000 00:00 0 
7ff5f7b04000-7ff5f7c00000 rw-p 00000000 00:00 0 
7ff5f7d00000-7ff5f7d04000 ---p 00000000 00:00 0 
7ff5f7d04000-7ff5f7e00000 rw-p 00000000 00:00 0 
7ff5f7e00000-7ff5f7e04000 ---p 00000000 00:00 0 
7ff5f7e04000-7ff5f7f00000 rw-p 00000000 00:00 0 
7ff5f7f00000-7ff5f7f04000 ---p 00000000 00:00 0 
7ff5f7f04000-7ff5f8000000 rw-p 00000000 00:00 0 
7ff5f8000000-7ff5f8004000 ---p 00000000 00:00 0 
7ff5f8004000-7ff5f8100000 rw-p 00000000 00:00 0 
7ff5f8100000-7ff5f8104000 ---p 00000000 00:00 0 
7ff5f8104000-7ff5f8200000 rw-p 00000000 00:00 0 
7ff5f8200000-7ff5f8204000 ---p 00000000 00:00 0 
7ff5f8204000-7ff5f8300000 rw-p 00000000 00:00 0 
7ff5f8300000-7ff5f8304000 ---p 00000000 00:00 0 
7ff5f8304000-7ff5f8400000 rw-p 00000000 00:00 0 
7ff5f8400000-7ff5f8404000 ---p 00000000 00:00 0 
7ff5f8404000-7ff5f8500000 rw-p 00000000 00:00 0 
7ff5f8500000-7ff5f8504000 ---p 00000000 00:00 0 
7ff5f8504000-7ff5f8600000 rw-p 00000000 00:00 0 
7ff5f8600000-7ff5f8604000 ---p 00000000 00:00 0 
7ff5f8604000-7ff5f8700000 rw-p 00000000 00:00 0 
7ff5f8700000-7ff5f8704000 ---p 00000000 00:00 0 
7ff5f8704000-7ff5f8800000 rw-p 00000000 00:00 0 
7ff5f8800000-7ff5f8804000 ---p 00000000 00:00 0 
7ff5f8804000-7ff5f8900000 rw-p 00000000 00:00 0 
7ff5f8900000-7ff5f8904000 ---p 00000000 00:00 0 
7ff5f8904000-7ff5f8a00000 rw-p 00000000 00:00 0 
7ff5f9668000-7ff5f9b00000 rw-p 00000000 00:00 0 
7ff5f9c00000-7ff5fbd6a000 r-xp 00000000 00:13c0 4611686019135190040      /nix/store/gpxl5qgg8kicmcvivwmybwjlpf7wh20l-graalvm17-ce-22.3.0/lib/libjvmcicompiler.so
7ff5fbd6a000-7ff5fbf69000 ---p 0216a000 00:13c0 4611686019135190040      /nix/store/gpxl5qgg8kicmcvivwmybwjlpf7wh20l-graalvm17-ce-22.3.0/lib/libjvmcicompiler.so
7ff5fbf69000-7ff5fbf6a000 r--p 02169000 00:13c0 4611686019135190040      /nix/store/gpxl5qgg8kicmcvivwmybwjlpf7wh20l-graalvm17-ce-22.3.0/lib/libjvmcicompiler.so
7ff5fbf6a000-7ff5fbf6c000 rw-p 0216a000 00:13c0 4611686019135190040      /nix/store/gpxl5qgg8kicmcvivwmybwjlpf7wh20l-graalvm17-ce-22.3.0/lib/libjvmcicompiler.so
7ff5fbf6c000-7ff5fbf6d000 rw-p 00000000 00:00 0 
7ff5fbf6d000-7ff5fbf72000 rw-p 023c3000 00:13c0 4611686019135190040      /nix/store/gpxl5qgg8kicmcvivwmybwjlpf7wh20l-graalvm17-ce-22.3.0/lib/libjvmcicompiler.so
7ff5fc000000-7ff5fc021000 rw-p 00000000 00:00 0 
7ff5fc021000-7ff600000000 ---p 00000000 00:00 0 
7ff600000000-7ff600021000 rw-p 00000000 00:00 0 
7ff600021000-7ff604000000 ---p 00000000 00:00 0 
7ff604000000-7ff604021000 rw-p 00000000 00:00 0 
7ff604021000-7ff608000000 ---p 00000000 00:00 0 
7ff608000000-7ff608021000 rw-p 00000000 00:00 0 
7ff608021000-7ff60c000000 ---p 00000000 00:00 0 
7ff60c000000-7ff60c0d8000 rw-p 00000000 00:00 0 
7ff60c0d8000-7ff610000000 ---p 00000000 00:00 0 
7ff610000000-7ff610b53000 rw-p 00000000 00:00 0 
7ff610b53000-7ff614000000 ---p 00000000 00:00 0 
7ff614000000-7ff614021000 rw-p 00000000 00:00 0 
7ff614021000-7ff618000000 ---p 00000000 00:00 0 
7ff618000000-7ff618021000 rw-p 00000000 00:00 0 
7ff618021000-7ff61c000000 ---p 00000000 00:00 0 
7ff61c000000-7ff61c021000 rw-p 00000000 00:00 0 
7ff61c021000-7ff620000000 ---p 00000000 00:00 0 
7ff620000000-7ff620021000 rw-p 00000000 00:00 0 
7ff620021000-7ff624000000 ---p 00000000 00:00 0 
7ff624000000-7ff624021000 rw-p 00000000 00:00 0 
7ff624021000-7ff628000000 ---p 00000000 00:00 0 
7ff628000000-7ff628021000 rw-p 00000000 00:00 0 
7ff628021000-7ff62c000000 ---p 00000000 00:00 0 
7ff62c000000-7ff62c07b000 rw-p 00000000 00:00 0 
7ff62c07b000-7ff630000000 ---p 00000000 00:00 0 
7ff630000000-7ff630004000 ---p 00000000 00:00 0 
7ff630004000-7ff630100000 rw-p 00000000 00:00 0 
7ff630200000-7ff630204000 ---p 00000000 00:00 0 
7ff630204000-7ff630300000 rw-p 00000000 00:00 0 
7ff630300000-7ff630304000 ---p 00000000 00:00 0 
7ff630304000-7ff630400000 rw-p 00000000 00:00 0 
7ff630400000-7ff630404000 ---p 00000000 00:00 0 
7ff630404000-7ff630500000 rw-p 00000000 00:00 0 
7ff630500000-7ff630504000 ---p 00000000 00:00 0 
7ff630504000-7ff630600000 rw-p 00000000 00:00 0 
7ff630600000-7ff630604000 ---p 00000000 00:00 0 
7ff630604000-7ff630700000 rw-p 00000000 00:00 0 
7ff630800000-7ff630804000 ---p 00000000 00:00 0 
7ff630804000-7ff630900000 rw-p 00000000 00:00 0 
7ff630a18000-7ff630a19000 ---p 00000000 00:00 0 
7ff630a19000-7ff630b1a000 rw-p 00000000 00:00 0 
7ff630b1a000-7ff630b1e000 ---p 00000000 00:00 0 
7ff630b1e000-7ff630c1a000 rw-p 00000000 00:00 0 
7ff630c1a000-7ff630c1e000 ---p 00000000 00:00 0 
7ff630c1e000-7ff630d1a000 rw-p 00000000 00:00 0 
7ff630d1a000-7ff630d1e000 ---p 00000000 00:00 0 
7ff630d1e000-7ff630e1a000 rw-p 00000000 00:00 0 
7ff630e1a000-7ff630e1e000 ---p 00000000 00:00 0 
7ff630e1e000-7ff63101a000 rw-p 00000000 00:00 0 
7ff63101a000-7ff63101e000 ---p 00000000 00:00 0 
7ff63101e000-7ff63121a000 rw-p 00000000 00:00 0 
7ff63121a000-7ff63121e000 ---p 00000000 00:00 0 
7ff63121e000-7ff63131a000 rw-p 00000000 00:00 0 
7ff63131a000-7ff63131e000 ---p 00000000 00:00 0 
7ff63131e000-7ff63141a000 rw-p 00000000 00:00 0 
7ff63141a000-7ff63141e000 ---p 00000000 00:00 0 
7ff63141e000-7ff63151a000 rw-p 00000000 00:00 0 
7ff63151a000-7ff631800000 r--p 00000000 00:c10 28444448                  /usr/lib/locale/locale-archive
7ff631800000-7ff631c00000 rw-p 00000000 00:00 0 
7ff631c00000-7ff631de0000 rw-p 00000000 00:00 0 
7ff631de0000-7ff631e00000 rw-p 00000000 00:00 0 
7ff631e00000-7ff631f00000 rw-p 00000000 00:00 0 
7ff631f00000-7ff632000000 rw-p 00000000 00:00 0 
7ff632048000-7ff63204a000 r-xp 00000000 00:13c0 4611686019135190017      /nix/store/gpxl5qgg8kicmcvivwmybwjlpf7wh20l-graalvm17-ce-22.3.0/lib/libextnet.so
7ff63204a000-7ff63204b000 r--p 00001000 00:13c0 4611686019135190017      /nix/store/gpxl5qgg8kicmcvivwmybwjlpf7wh20l-graalvm17-ce-22.3.0/lib/libextnet.so
7ff63204b000-7ff63204c000 rw-p 00002000 00:13c0 4611686019135190017      /nix/store/gpxl5qgg8kicmcvivwmybwjlpf7wh20l-graalvm17-ce-22.3.0/lib/libextnet.so
7ff63204c000-7ff63204d000 rw-p 00004000 00:13c0 4611686019135190017      /nix/store/gpxl5qgg8kicmcvivwmybwjlpf7wh20l-graalvm17-ce-22.3.0/lib/libextnet.so
7ff63204d000-7ff632051000 ---p 00000000 00:00 0 
7ff632051000-7ff63206f000 rw-p 00000000 00:00 0 
7ff63206f000-7ff632076000 r-xp 00000000 00:13c0 4611686019135192580      /nix/store/gpxl5qgg8kicmcvivwmybwjlpf7wh20l-graalvm17-ce-22.3.0/lib/libzip.so
7ff632076000-7ff632077000 ---p 00007000 00:13c0 4611686019135192580      /nix/store/gpxl5qgg8kicmcvivwmybwjlpf7wh20l-graalvm17-ce-22.3.0/lib/libzip.so
7ff632077000-7ff632078000 r--p 00007000 00:13c0 4611686019135192580      /nix/store/gpxl5qgg8kicmcvivwmybwjlpf7wh20l-graalvm17-ce-22.3.0/lib/libzip.so
7ff632078000-7ff632079000 rw-p 00008000 00:13c0 4611686019135192580      /nix/store/gpxl5qgg8kicmcvivwmybwjlpf7wh20l-graalvm17-ce-22.3.0/lib/libzip.so
7ff632079000-7ff63207b000 rw-p 0000b000 00:13c0 4611686019135192580      /nix/store/gpxl5qgg8kicmcvivwmybwjlpf7wh20l-graalvm17-ce-22.3.0/lib/libzip.so
7ff63207b000-7ff632090000 r-xp 00000000 00:13c0 4611686019135192570      /nix/store/gpxl5qgg8kicmcvivwmybwjlpf7wh20l-graalvm17-ce-22.3.0/lib/libnet.so
7ff632090000-7ff632091000 ---p 00015000 00:13c0 4611686019135192570      /nix/store/gpxl5qgg8kicmcvivwmybwjlpf7wh20l-graalvm17-ce-22.3.0/lib/libnet.so
7ff632091000-7ff632092000 r--p 00015000 00:13c0 4611686019135192570      /nix/store/gpxl5qgg8kicmcvivwmybwjlpf7wh20l-graalvm17-ce-22.3.0/lib/libnet.so
7ff632092000-7ff632093000 rw-p 00016000 00:13c0 4611686019135192570      /nix/store/gpxl5qgg8kicmcvivwmybwjlpf7wh20l-graalvm17-ce-22.3.0/lib/libnet.so
7ff632093000-7ff632096000 rw-p 0001b000 00:13c0 4611686019135192570      /nix/store/gpxl5qgg8kicmcvivwmybwjlpf7wh20l-graalvm17-ce-22.3.0/lib/libnet.so
7ff632096000-7ff6320a9000 r-xp 00000000 00:13c0 4611686019135192571      /nix/store/gpxl5qgg8kicmcvivwmybwjlpf7wh20l-graalvm17-ce-22.3.0/lib/libnio.so
7ff6320a9000-7ff6320aa000 r--p 00012000 00:13c0 4611686019135192571      /nix/store/gpxl5qgg8kicmcvivwmybwjlpf7wh20l-graalvm17-ce-22.3.0/lib/libnio.so
7ff6320aa000-7ff6320ab000 rw-p 00013000 00:13c0 4611686019135192571      /nix/store/gpxl5qgg8kicmcvivwmybwjlpf7wh20l-graalvm17-ce-22.3.0/lib/libnio.so
7ff6320ab000-7ff6320b0000 rw-p 00019000 00:13c0 4611686019135192571      /nix/store/gpxl5qgg8kicmcvivwmybwjlpf7wh20l-graalvm17-ce-22.3.0/lib/libnio.so
7ff6320b0000-7ff6320b4000 ---p 00000000 00:00 0 
7ff6320b4000-7ff6321b0000 rw-p 00000000 00:00 0 
7ff6321b0000-7ff6321b4000 ---p 00000000 00:00 0 
7ff6321b4000-7ff6322b0000 rw-p 00000000 00:00 0 
7ff6322b0000-7ff6322b1000 ---p 00000000 00:00 0 
7ff6322b1000-7ff6334b3000 rw-p 00000000 00:00 0 
7ff6334b3000-7ff633723000 rwxp 00000000 00:00 0 
7ff633723000-7ff633a42000 ---p 00000000 00:00 0 
7ff633a42000-7ff634ca2000 rwxp 00000000 00:00 0 
7ff634ca2000-7ff63af7a000 ---p 00000000 00:00 0 
7ff63af7a000-7ff63b25a000 rwxp 00000000 00:00 0 
7ff63b25a000-7ff6424b3000 ---p 00000000 00:00 0 
7ff6424b3000-7ff64c000000 r--s 00000000 00:13c0 4611686019135192581      /nix/store/gpxl5qgg8kicmcvivwmybwjlpf7wh20l-graalvm17-ce-22.3.0/lib/modules
7ff64c000000-7ff64c60b000 rw-p 00000000 00:00 0 
7ff64c60b000-7ff650000000 ---p 00000000 00:00 0 
7ff650004000-7ff6500d2000 r-xp 00000000 00:13c0 4611686019135190036      /nix/store/gpxl5qgg8kicmcvivwmybwjlpf7wh20l-graalvm17-ce-22.3.0/lib/libjsvml.so
7ff6500d2000-7ff6500d3000 r--p 000cd000 00:13c0 4611686019135190036      /nix/store/gpxl5qgg8kicmcvivwmybwjlpf7wh20l-graalvm17-ce-22.3.0/lib/libjsvml.so
7ff6500d3000-7ff6500d4000 rw-p 000ce000 00:13c0 4611686019135190036      /nix/store/gpxl5qgg8kicmcvivwmybwjlpf7wh20l-graalvm17-ce-22.3.0/lib/libjsvml.so
7ff6500d4000-7ff6508ab000 rw-p 00000000 00:00 0 
7ff6508ab000-7ff6508ac000 ---p 00000000 00:00 0 
7ff6508ac000-7ff650a57000 rw-p 00000000 00:00 0 
7ff650a57000-7ff650a7b000 rw-p 00000000 00:00 0 
7ff650a7b000-7ff650aad000 ---p 00000000 00:00 0 
7ff650aad000-7ff650ab4000 rw-p 00000000 00:00 0 
7ff650ab4000-7ff650b99000 ---p 00000000 00:00 0 
7ff650b99000-7ff650bbe000 rw-p 00000000 00:00 0 
7ff650bbe000-7ff650c84000 ---p 00000000 00:00 0 
7ff650c84000-7ff650c89000 rw-p 00000000 00:00 0 
7ff650c89000-7ff650c90000 ---p 00000000 00:00 0 
7ff650c90000-7ff650cb4000 r-xp 00000000 00:13c0 4611686019135190028      /nix/store/gpxl5qgg8kicmcvivwmybwjlpf7wh20l-graalvm17-ce-22.3.0/lib/libjava.so
7ff650cb4000-7ff650cb5000 ---p 00024000 00:13c0 4611686019135190028      /nix/store/gpxl5qgg8kicmcvivwmybwjlpf7wh20l-graalvm17-ce-22.3.0/lib/libjava.so
7ff650cb5000-7ff650cb6000 r--p 00024000 00:13c0 4611686019135190028      /nix/store/gpxl5qgg8kicmcvivwmybwjlpf7wh20l-graalvm17-ce-22.3.0/lib/libjava.so
7ff650cb6000-7ff650cb7000 rw-p 00025000 00:13c0 4611686019135190028      /nix/store/gpxl5qgg8kicmcvivwmybwjlpf7wh20l-graalvm17-ce-22.3.0/lib/libjava.so
7ff650cb7000-7ff650cb8000 rw-p 00000000 00:00 0 
7ff650cb8000-7ff650cbf000 rw-p 0002f000 00:13c0 4611686019135190028      /nix/store/gpxl5qgg8kicmcvivwmybwjlpf7wh20l-graalvm17-ce-22.3.0/lib/libjava.so
7ff650cbf000-7ff650cc7000 rw-s 00000000 00:ab4 353                       /tmp/hsperfdata_runner/29
7ff650cc7000-7ff650cc8000 ---p 00000000 00:00 0 
7ff650cc8000-7ff650cc9000 r--p 00000000 00:00 0 
7ff650cc9000-7ff650cca000 rwxp 00000000 00:00 0 
7ff650cca000-7ff650ce5000 r-xp 00000000 00:13c0 4611686019135190032      /nix/store/gpxl5qgg8kicmcvivwmybwjlpf7wh20l-graalvm17-ce-22.3.0/lib/libjimage.so
7ff650ce5000-7ff650ce6000 ---p 0001b000 00:13c0 4611686019135190032      /nix/store/gpxl5qgg8kicmcvivwmybwjlpf7wh20l-graalvm17-ce-22.3.0/lib/libjimage.so
7ff650ce6000-7ff650ce8000 r--p 0001b000 00:13c0 4611686019135190032      /nix/store/gpxl5qgg8kicmcvivwmybwjlpf7wh20l-graalvm17-ce-22.3.0/lib/libjimage.so
7ff650ce8000-7ff650ce9000 rw-p 0001d000 00:13c0 4611686019135190032      /nix/store/gpxl5qgg8kicmcvivwmybwjlpf7wh20l-graalvm17-ce-22.3.0/lib/libjimage.so
7ff650ce9000-7ff650cea000 rw-p 00024000 00:13c0 4611686019135190032      /nix/store/gpxl5qgg8kicmcvivwmybwjlpf7wh20l-graalvm17-ce-22.3.0/lib/libjimage.so
7ff650cea000-7ff650cee000 ---p 00000000 00:00 0 
7ff650cee000-7ff650dea000 rw-p 00000000 00:00 0 
7ff650dea000-7ff650df8000 r--p 00000000 00:13c0 4611686019027979927      /nix/store/4nlgxhb09sdr51nc9hdm8az5b08vzkgx-glibc-2.35-163/lib/libm.so.6
7ff650df8000-7ff650e6b000 r-xp 0000e000 00:13c0 4611686019027979927      /nix/store/4nlgxhb09sdr51nc9hdm8az5b08vzkgx-glibc-2.35-163/lib/libm.so.6
7ff650e6b000-7ff650ec8000 r--p 00081000 00:13c0 4611686019027979927      /nix/store/4nlgxhb09sdr51nc9hdm8az5b08vzkgx-glibc-2.35-163/lib/libm.so.6
7ff650ec8000-7ff650ec9000 r--p 000dd000 00:13c0 4611686019027979927      /nix/store/4nlgxhb09sdr51nc9hdm8az5b08vzkgx-glibc-2.35-163/lib/libm.so.6
7ff650ec9000-7ff650eca000 rw-p 000de000 00:13c0 4611686019027979927      /nix/store/4nlgxhb09sdr51nc9hdm8az5b08vzkgx-glibc-2.35-163/lib/libm.so.6
7ff650eca000-7ff650ecb000 r--p 00000000 00:13c0 4611686019027979946      /nix/store/4nlgxhb09sdr51nc9hdm8az5b08vzkgx-glibc-2.35-163/lib/librt.so.1
7ff650ecb000-7ff650ecc000 r-xp 00001000 00:13c0 4611686019027979946      /nix/store/4nlgxhb09sdr51nc9hdm8az5b08vzkgx-glibc-2.35-163/lib/librt.so.1
7ff650ecc000-7ff650ecd000 r--p 00002000 00:13c0 4611686019027979946      /nix/store/4nlgxhb09sdr51nc9hdm8az5b08vzkgx-glibc-2.35-163/lib/librt.so.1
7ff650ecd000-7ff650ece000 r--p 00002000 00:13c0 4611686019027979946      /nix/store/4nlgxhb09sdr51nc9hdm8az5b08vzkgx-glibc-2.35-163/lib/librt.so.1
7ff650ece000-7ff650ecf000 rw-p 00003000 00:13c0 4611686019027979946      /nix/store/4nlgxhb09sdr51nc9hdm8az5b08vzkgx-glibc-2.35-163/lib/librt.so.1
7ff650ecf000-7ff651fe2000 r-xp 00000000 00:13c0 4611686019135360866      /nix/store/gpxl5qgg8kicmcvivwmybwjlpf7wh20l-graalvm17-ce-22.3.0/lib/server/libjvm.so
7ff651fe2000-7ff651fe3000 ---p 01113000 00:13c0 4611686019135360866      /nix/store/gpxl5qgg8kicmcvivwmybwjlpf7wh20l-graalvm17-ce-22.3.0/lib/server/libjvm.so
7ff651fe3000-7ff652098000 r--p 01113000 00:13c0 4611686019135360866      /nix/store/gpxl5qgg8kicmcvivwmybwjlpf7wh20l-graalvm17-ce-22.3.0/lib/server/libjvm.so
7ff652098000-7ff6520cc000 rw-p 011c8000 00:13c0 4611686019135360866      /nix/store/gpxl5qgg8kicmcvivwmybwjlpf7wh20l-graalvm17-ce-22.3.0/lib/server/libjvm.so
7ff6520cc000-7ff652128000 rw-p 00000000 00:00 0 
7ff652128000-7ff652150000 r--p 00000000 00:13c0 4611686019027979918      /nix/store/4nlgxhb09sdr51nc9hdm8az5b08vzkgx-glibc-2.35-163/lib/libc.so.6
7ff652150000-7ff6522c6000 r-xp 00028000 00:13c0 4611686019027979918      /nix/store/4nlgxhb09sdr51nc9hdm8az5b08vzkgx-glibc-2.35-163/lib/libc.so.6
7ff6522c6000-7ff65231e000 r--p 0019e000 00:13c0 4611686019027979918      /nix/store/4nlgxhb09sdr51nc9hdm8az5b08vzkgx-glibc-2.35-163/lib/libc.so.6
7ff65231e000-7ff652322000 r--p 001f6000 00:13c0 4611686019027979918      /nix/store/4nlgxhb09sdr51nc9hdm8az5b08vzkgx-glibc-2.35-163/lib/libc.so.6
7ff652322000-7ff652324000 rw-p 001fa000 00:13c0 4611686019027979918      /nix/store/4nlgxhb09sdr51nc9hdm8az5b08vzkgx-glibc-2.35-163/lib/libc.so.6
7ff652324000-7ff652333000 rw-p 00000000 00:00 0 
7ff652333000-7ff652334000 r--p 00000000 00:13c0 4611686019027979923      /nix/store/4nlgxhb09sdr51nc9hdm8az5b08vzkgx-glibc-2.35-163/lib/libdl.so.2
7ff652334000-7ff652335000 r-xp 00001000 00:13c0 4611686019027979923      /nix/store/4nlgxhb09sdr51nc9hdm8az5b08vzkgx-glibc-2.35-163/lib/libdl.so.2
7ff652335000-7ff652336000 r--p 00002000 00:13c0 4611686019027979923      /nix/store/4nlgxhb09sdr51nc9hdm8az5b08vzkgx-glibc-2.35-163/lib/libdl.so.2
7ff652336000-7ff652337000 r--p 00002000 00:13c0 4611686019027979923      /nix/store/4nlgxhb09sdr51nc9hdm8az5b08vzkgx-glibc-2.35-163/lib/libdl.so.2
7ff652337000-7ff652338000 rw-p 00003000 00:13c0 4611686019027979923      /nix/store/4nlgxhb09sdr51nc9hdm8az5b08vzkgx-glibc-2.35-163/lib/libdl.so.2
7ff652338000-7ff652339000 r--p 00000000 00:13c0 4611686019027979942      /nix/store/4nlgxhb09sdr51nc9hdm8az5b08vzkgx-glibc-2.35-163/lib/libpthread.so.0
7ff652339000-7ff65233a000 r-xp 00001000 00:13c0 4611686019027979942      /nix/store/4nlgxhb09sdr51nc9hdm8az5b08vzkgx-glibc-2.35-163/lib/libpthread.so.0
7ff65233a000-7ff65233b000 r--p 00002000 00:13c0 4611686019027979942      /nix/store/4nlgxhb09sdr51nc9hdm8az5b08vzkgx-glibc-2.35-163/lib/libpthread.so.0
7ff65233b000-7ff65233c000 r--p 00002000 00:13c0 4611686019027979942      /nix/store/4nlgxhb09sdr51nc9hdm8az5b08vzkgx-glibc-2.35-163/lib/libpthread.so.0
7ff65233c000-7ff65233d000 rw-p 00003000 00:13c0 4611686019027979942      /nix/store/4nlgxhb09sdr51nc9hdm8az5b08vzkgx-glibc-2.35-163/lib/libpthread.so.0
7ff65233d000-7ff65234b000 r-xp 00000000 00:13c0 4611686019135190033      /nix/store/gpxl5qgg8kicmcvivwmybwjlpf7wh20l-graalvm17-ce-22.3.0/lib/libjli.so
7ff65234b000-7ff65234c000 ---p 0000e000 00:13c0 4611686019135190033      /nix/store/gpxl5qgg8kicmcvivwmybwjlpf7wh20l-graalvm17-ce-22.3.0/lib/libjli.so
7ff65234c000-7ff65234d000 r--p 0000e000 00:13c0 4611686019135190033      /nix/store/gpxl5qgg8kicmcvivwmybwjlpf7wh20l-graalvm17-ce-22.3.0/lib/libjli.so
7ff65234d000-7ff65234e000 rw-p 0000f000 00:13c0 4611686019135190033      /nix/store/gpxl5qgg8kicmcvivwmybwjlpf7wh20l-graalvm17-ce-22.3.0/lib/libjli.so
7ff65234e000-7ff65234f000 rw-p 00012000 00:13c0 4611686019135190033      /nix/store/gpxl5qgg8kicmcvivwmybwjlpf7wh20l-graalvm17-ce-22.3.0/lib/libjli.so
7ff65234f000-7ff652352000 r--p 00000000 00:13c0 4611686019106210071      /nix/store/026hln0aq1hyshaxsdvhg0kmcm6yf45r-zlib-1.2.13/lib/libz.so.1.2.13
7ff652352000-7ff652364000 r-xp 00003000 00:13c0 4611686019106210071      /nix/store/026hln0aq1hyshaxsdvhg0kmcm6yf45r-zlib-1.2.13/lib/libz.so.1.2.13
7ff652364000-7ff65236b000 r--p 00015000 00:13c0 4611686019106210071      /nix/store/026hln0aq1hyshaxsdvhg0kmcm6yf45r-zlib-1.2.13/lib/libz.so.1.2.13
7ff65236b000-7ff65236c000 r--p 0001b000 00:13c0 4611686019106210071      /nix/store/026hln0aq1hyshaxsdvhg0kmcm6yf45r-zlib-1.2.13/lib/libz.so.1.2.13
7ff65236c000-7ff65236d000 rw-p 0001c000 00:13c0 4611686019106210071      /nix/store/026hln0aq1hyshaxsdvhg0kmcm6yf45r-zlib-1.2.13/lib/libz.so.1.2.13
7ff65236d000-7ff65236f000 rw-p 00000000 00:00 0 
7ff65236f000-7ff652371000 r--p 00000000 00:13c0 4611686019027979912      /nix/store/4nlgxhb09sdr51nc9hdm8az5b08vzkgx-glibc-2.35-163/lib/ld-linux-x86-64.so.2
7ff652371000-7ff652398000 r-xp 00002000 00:13c0 4611686019027979912      /nix/store/4nlgxhb09sdr51nc9hdm8az5b08vzkgx-glibc-2.35-163/lib/ld-linux-x86-64.so.2
7ff652398000-7ff6523a4000 r--p 00029000 00:13c0 4611686019027979912      /nix/store/4nlgxhb09sdr51nc9hdm8az5b08vzkgx-glibc-2.35-163/lib/ld-linux-x86-64.so.2
7ff6523a4000-7ff6523a6000 r--p 00034000 00:13c0 4611686019027979912      /nix/store/4nlgxhb09sdr51nc9hdm8az5b08vzkgx-glibc-2.35-163/lib/ld-linux-x86-64.so.2
7ff6523a6000-7ff6523a8000 rw-p 00036000 00:13c0 4611686019027979912      /nix/store/4nlgxhb09sdr51nc9hdm8az5b08vzkgx-glibc-2.35-163/lib/ld-linux-x86-64.so.2
7ffe947ff000-7ffe94823000 rw-p 00000000 00:00 0                          [stack]
7ffe9484f000-7ffe94853000 r--p 00000000 00:00 0                          [vvar]
7ffe94853000-7ffe94855000 r-xp 00000000 00:00 0                          [vdso]
ffffffffff600000-ffffffffff601000 --xp 00000000 00:00 0                  [vsyscall]


VM Arguments:
jvm_args: -XX:ThreadPriorityPolicy=1 -XX:+UnlockExperimentalVMOptions -XX:+EnableJVMCIProduct -XX:JVMCIThreadsPerNativeLibraryRuntime=1 -XX:-UnlockExperimentalVMOptions -Declipse.application=org.eclipse.jdt.ls.core.id1 -Dosgi.bundles.defaultStartLevel=4 -Declipse.product=org.eclipse.jdt.ls.core.product -Dlog.level=ALL -Xverify:none -XX:+UseParallelGC -XX:GCTimeRatio=4 -XX:AdaptiveSizePolicyWeight=90 -Dsun.zip.disableMemoryMapping=true -Xmx512m -Xms100m 
java_command: /nix/store/m6gcpi1ii6rghy04cjwjddcavv7i90df-jdt-language-server-1.9.0/share/java/plugins/org.eclipse.equinox.launcher_1.6.400.v20210924-0641.jar --add-modules=ALL-SYSTEM --add-opens java.base/java.util=ALL-UNNAMED --add-opens java.base/java.lang=ALL-UNNAMED -configuration /home/runner/.cache/jdt-language-server/config -data /home/runner/.cache/jdt-language-server/data/home/runner/Final-2
java_class_path (initial): /nix/store/m6gcpi1ii6rghy04cjwjddcavv7i90df-jdt-language-server-1.9.0/share/java/plugins/org.eclipse.equinox.launcher_1.6.400.v20210924-0641.jar
Launcher Type: SUN_STANDARD

[Global flags]
    uintx AdaptiveSizePolicyWeight                 = 90                                        {product} {command line}
     intx CICompilerCount                          = 2                                         {product} {ergonomic}
     bool EnableJVMCIProduct                       = true                                {JVMCI product} {jimage}
    uintx GCTimeRatio                              = 4                                         {product} {command line}
   size_t InitialHeapSize                          = 104857600                                 {product} {command line}
     uint JVMCIThreadsPerNativeLibraryRuntime      = 1                                   {JVMCI product} {jimage}
   size_t MaxHeapSize                              = 536870912                                 {product} {command line}
   size_t MaxNewSize                               = 178782208                                 {product} {ergonomic}
   size_t MinHeapDeltaBytes                        = 524288                                    {product} {ergonomic}
   size_t MinHeapSize                              = 104857600                                 {product} {command line}
   size_t NewSize                                  = 34603008                                  {product} {ergonomic}
    uintx NonNMethodCodeHeapSize                   = 5826188                                {pd product} {ergonomic}
    uintx NonProfiledCodeHeapSize                  = 122916026                              {pd product} {ergonomic}
   size_t OldSize                                  = 70254592                                  {product} {ergonomic}
    uintx ProfiledCodeHeapSize                     = 122916026                              {pd product} {ergonomic}
    uintx ReservedCodeCacheSize                    = 251658240                              {pd product} {ergonomic}
     bool SegmentedCodeCache                       = true                                      {product} {ergonomic}
   size_t SoftMaxHeapSize                          = 536870912                              {manageable} {ergonomic}
     intx ThreadPriorityPolicy                     = 1                                         {product} {jimage}
     bool UseCompressedClassPointers               = true                           {product lp64_product} {ergonomic}
     bool UseCompressedOops                        = true                           {product lp64_product} {ergonomic}
     bool UseParallelGC                            = true                                      {product} {command line}

Logging:
Log output configuration:
 #0: stdout all=warning uptime,level,tags
 #1: stderr all=off uptime,level,tags

Environment Variables:
JAVA_HOME=/nix/store/gpxl5qgg8kicmcvivwmybwjlpf7wh20l-graalvm17-ce-22.3.0
PATH=/nix/store/1d6ian3r8kdzspw8hacjhl3xkp40g1lj-binutils-wrapper-2.39/bin:/nix/store/dq0xwmsk1g0i2ayg6pb7y87na2knzylh-gcc-wrapper-11.3.0/bin:/nix/store/bap4d0lpcrhpwmpb8ayjcgkmvfj62lnq-bash-interactive-5.1-p16/bin:/nix/store/pr5n59mb4jzmfx6kanwxly0l07p861fg-patchelf-0.15.0/bin:/nix/store/1gf2flfqnpqbr1b4p4qz2f72y42bs56r-gcc-11.3.0/bin:/nix/store/57xv61c5zi8pphjbcwxxjlgc34p61ic9-glibc-2.35-163-bin/bin:/nix/store/a7gvj343m05j2s32xcnwr35v31ynlypr-coreutils-9.1/bin:/nix/store/039g378vc3pc3dvi9dzdlrd0i4q93qwf-binutils-2.39/bin:/nix/store/gpxl5qgg8kicmcvivwmybwjlpf7wh20l-graalvm17-ce-22.3.0/bin:/nix/store/6z9ag3ihc8mq2hzsw48lhbznvzny65nz-apache-maven-3.8.6/bin:/nix/store/m6gcpi1ii6rghy04cjwjddcavv7i90df-jdt-language-server-1.9.0/bin:/nix/store/84xs5alhs01zrbr4ywm05kxbjbp5590l-java-debug/bin:/nix/store/mydc6f4k2z73xlcz7ilif3v2lcaiqvza-findutils-4.9.0/bin:/nix/store/j9p3g8472iijd50vhdprx0nmk2fqn5gv-diffutils-3.8/bin:/nix/store/89zs7rms6x00xfq4dq6m7mjnhkr8a6r4-gnused-4.8/bin:/nix/store/86bp03jkmsl6f92w0yzg4s59g5mhxwmy-gnugrep-3.7/bin:/nix/store/hwcdqw4jrjnd37wxqgsd47hd0j8bnj09-gawk-5.1.1/bin:/nix/store/cfbhw8r8ags41vwqaz47r583d0p4h4a1-gnutar-1.34/bin:/nix/store/p3m1ndl1lapwrlh698bnb5lvvxh67378-gzip-1.12/bin:/nix/store/a8mhcagrsly7c7mpjrpsnaahk4aax056-bzip2-1.0.8-bin/bin:/nix/store/mblgz65m3zv9x548a3d5m96fj2pbwr09-gnumake-4.3/bin:/nix/store/dsd5gz46hdbdk2rfdimqddhq6m8m8fqs-bash-5.1-p16/bin:/nix/store/v7ljksji50mg3w61dykaa3n3y79n6nil-patch-2.7.6/bin:/nix/store/zlcnmqq14jz5x9439jf937mvayyl63da-xz-5.2.7-bin/bin:/nix/store/y6aj732zm9m87c82fpvf103a1xb22blp-file-5.43/bin:/nix/store/i4kzir3m7mrisxmf5xvlnkw01x4qaqr4-prybar-elisp-0.0.0-e0d9a52/bin:/nix/store/lwwivxf6h7x3cvxp9zv8sj0mv7dak99r-prybar-lua-0.0.0-e0d9a52/bin:/nix/store/gxj28g1cg4hq3qanmjv07156h800qr58-prybar-python3-0.0.0-e0d9a52/bin:/nix/store/hshkjnxrgidigf8x75vg6lqng2xlx9i3-prybar-sqlite-0.0.0-e0d9a52/bin:/nix/store/c4w01bpjgyy5ixmwdk8m1pw87zq4sl26-prybar-tcl-0.0.0-e0d9a52/bin:/nix/store/hpbvrlwd5viqmvcaisb3x0118i913a9n-st
LD_LIBRARY_PATH=/nix/store/a4pff549sk2idnkpzk5nsfps3mdkdnvm-cups-2.4.2-lib/lib:/nix/store/72mqxxhh3cy5yifh92wh2yb8cl2hikyy-cairo-1.16.0/lib:/nix/store/2k366jrbsra97gjfxwvrhvixjfxdach5-glib-2.74.1/lib:/nix/store/2j2znigd8ak37rlwh9khz0ry3clqlw1l-gtk+3-3.24.34/lib:/nix/store/hisqvx32cd57apbpcsnkpx6k3549wql1-libglvnd-1.4.0/lib:/nix/store/p36pgcv991mq5srvg765b78yqpxvk3qs-mesa-21.3.3-drivers/lib:/nix/store/mav4251if1ahjq5vkpwycyyvnmy459c4-pulseaudio-14.2/lib
DISPLAY=:0
LANG=en_US.UTF-8

Signal Handlers:
   SIGSEGV: crash_handler in libjvm.so, mask=11100100010111111101111111111110, flags=SA_RESTART|SA_SIGINFO
    SIGBUS: crash_handler in libjvm.so, mask=11100100010111111101111111111110, flags=SA_RESTART|SA_SIGINFO
    SIGFPE: crash_handler in libjvm.so, mask=11100100010111111101111111111110, flags=SA_RESTART|SA_SIGINFO
   SIGPIPE: IsolateEnterStub_IgnoreSIGPIPEStartupHook_noopSignalHandler_8f19bff2f35b5f630d83b364d6b2339320d4ec70_216e8361c6bc87a8f89f58cc10d3b2fd4415bf87 in libjvmcicompiler.so, mask=00000000000000000000000000000000, flags=SA_RESTART
  *** Handler was modified!
  *** Expected: javaSignalHandler in libjvm.so, mask=11100100110111111111111111111110, flags=SA_RESTART|SA_SIGINFO
   SIGXFSZ: javaSignalHandler in libjvm.so, mask=11100100010111111101111111111110, flags=SA_RESTART|SA_SIGINFO
    SIGILL: crash_handler in libjvm.so, mask=11100100010111111101111111111110, flags=SA_RESTART|SA_SIGINFO
   SIGUSR2: SR_handler in libjvm.so, mask=00000000000000000000000000000000, flags=SA_RESTART|SA_SIGINFO
    SIGHUP: UserHandler in libjvm.so, mask=11100100010111111101111111111110, flags=SA_RESTART|SA_SIGINFO
    SIGINT: UserHandler in libjvm.so, mask=11100100010111111101111111111110, flags=SA_RESTART|SA_SIGINFO
   SIGTERM: UserHandler in libjvm.so, mask=11100100010111111101111111111110, flags=SA_RESTART|SA_SIGINFO
   SIGQUIT: UserHandler in libjvm.so, mask=11100100010111111101111111111110, flags=SA_RESTART|SA_SIGINFO
  *** Handler was modified!
  *** Expected: javaSignalHandler in libjvm.so, mask=11100100110111111111111111111110, flags=SA_RESTART|SA_SIGINFO
   SIGTRAP: crash_handler in libjvm.so, mask=11100100010111111101111111111110, flags=SA_RESTART|SA_SIGINFO


---------------  S Y S T E M  ---------------

OS:
DISTRIB_ID=Ubuntu
DISTRIB_RELEASE=20.04
DISTRIB_CODENAME=focal
DISTRIB_DESCRIPTION="Ubuntu 20.04.2 LTS"
uname: Linux 5.15.0-1032-gcp #40~20.04.1-Ubuntu SMP Tue Apr 11 02:49:52 UTC 2023 x86_64
OS uptime: 0 days 14:25 hours
libc: glibc 2.35 NPTL 2.35 
rlimit (soft/hard): STACK 8192k/infinity , CORE infinity/infinity , NPROC infinity/infinity , NOFILE 5242/5242 , AS infinity/infinity , CPU infinity/infinity , DATA infinity/infinity , FSIZE infinity/infinity , MEMLOCK 64k/64k
load average: 13.34 14.69 16.41

/proc/meminfo:
MemTotal:       65852700 kB
MemFree:         6878476 kB
MemAvailable:   35593748 kB
Buffers:         3552868 kB
Cached:         23165360 kB
SwapCached:            0 kB
Active:         12135616 kB
Inactive:       40163128 kB
Active(anon):      19452 kB
Inactive(anon): 25335244 kB
Active(file):   12116164 kB
Inactive(file): 14827884 kB
Unevictable:       43028 kB
Mlocked:           43028 kB
SwapTotal:             0 kB
SwapFree:              0 kB
Dirty:              5300 kB
Writeback:             0 kB
AnonPages:      23834972 kB
Mapped:          2232436 kB
Shmem:             60844 kB
KReclaimable:    2497824 kB
Slab:            5241868 kB
SReclaimable:    2497824 kB
SUnreclaim:      2744044 kB
KernelStack:      531260 kB
PageTables:       232260 kB
NFS_Unstable:          0 kB
Bounce:                0 kB
WritebackTmp:          0 kB
CommitLimit:    32926348 kB
Committed_AS:   84851628 kB
VmallocTotal:   34359738367 kB
VmallocUsed:      590484 kB
VmallocChunk:          0 kB
Percpu:           118816 kB
HardwareCorrupted:     0 kB
AnonHugePages:   3909632 kB
ShmemHugePages:        0 kB
ShmemPmdMapped:        0 kB
FileHugePages:         0 kB
FilePmdMapped:         0 kB
HugePages_Total:       0
HugePages_Free:        0
HugePages_Rsvd:        0
HugePages_Surp:        0
Hugepagesize:       2048 kB
Hugetlb:               0 kB
DirectMap4k:     7035704 kB
DirectMap2M:    55875584 kB
DirectMap1G:     6291456 kB

/sys/kernel/mm/transparent_hugepage/enabled: always [madvise] never
/sys/kernel/mm/transparent_hugepage/defrag (defrag/compaction efforts parameter): always defer defer+madvise [madvise] never

Process Memory:
Virtual Size: 5467224K (peak: 5515068K)
Resident Set Size: 764224K (peak: 815948K) (anon: 568200K, file: 196024K, shmem: 0K)
Swapped out: 0K
C-Heap outstanding allocations: 45224K, retained: 16071K
glibc malloc tunables: (default)

/proc/sys/kernel/threads-max (system-wide limit on the number of threads): 514406
/proc/sys/vm/max_map_count (maximum number of memory map areas a process may have): 65530
/proc/sys/kernel/pid_max (system-wide limit on number of process identifiers): 4194304

container (cgroup) information:
container_type: cgroupv1
cpu_cpuset_cpus: 2-7
cpu_memory_nodes: 0
active_processor_count: 1
cpu_quota: 50000
cpu_period: 100000
cpu_shares: 512
memory_limit_in_bytes: 1048576 k
memory_and_swap_limit_in_bytes: 1048576 k
memory_soft_limit_in_bytes: 524288 k
memory_usage_in_bytes: 615412 k
memory_max_usage_in_bytes: 713036 k
maximum number of tasks: 1000
current number of tasks: 58

KVM virtualization detected
Steal ticks since vm start: 0
Steal ticks percentage since vm start:  0.000

CPU: total 8 (initial active 1) (8 cores per cpu, 2 threads per core) family 23 model 49 stepping 0 microcode 0xffffffff, cx8, cmov, fxsr, ht, mmx, 3dnowpref, sse, sse2, sse3, ssse3, sse4a, sse4.1, sse4.2, popcnt, lzcnt, tsc, tscinvbit, avx, avx2, aes, clmul, bmi1, bmi2, adx, sha, fma, vzeroupper, clflush, clflushopt, hv
CPU Model and flags from /proc/cpuinfo:
model name	: AMD EPYC 7B12
flags		: fpu vme de pse tsc msr pae mce cx8 apic sep mtrr pge mca cmov pat pse36 clflush mmx fxsr sse sse2 ht syscall nx mmxext fxsr_opt pdpe1gb rdtscp lm constant_tsc rep_good nopl nonstop_tsc cpuid extd_apicid tsc_known_freq pni pclmulqdq ssse3 fma cx16 sse4_1 sse4_2 movbe popcnt aes xsave avx f16c rdrand hypervisor lahf_lm cmp_legacy cr8_legacy abm sse4a misalignsse 3dnowprefetch osvw topoext ssbd ibrs ibpb stibp vmmcall fsgsbase tsc_adjust bmi1 avx2 smep bmi2 rdseed adx smap clflushopt clwb sha_ni xsaveopt xsavec xgetbv1 clzero xsaveerptr arat npt nrip_save umip rdpid

Online cpus: 0-7
Offline cpus: 
BIOS frequency limitation: <Not Available>
Frequency switch latency (ns): <Not Available>
Available cpu frequencies: <Not Available>
Current governor: <Not Available>
Core performance/turbo boost: <Not Available>

Memory: 4k page, physical 1048576k(433152k free), swap 0k(0k free)
Page Sizes: 4k

vm_info: OpenJDK 64-Bit Server VM (17.0.5+8-jvmci-22.3-b08) for linux-amd64 JRE (17.0.5+8-jvmci-22.3-b08), built on Oct 19 2022 09:01:27 by "buildslave" with gcc 10.3.0

END.
